2025-01-10 18:01:40,235 INFO  [org.jboss.modules] (main) JBoss Modules version 1.11.0.Final
2025-01-10 18:01:40,558 INFO  [org.jboss.msc] (main) JBoss MSC version 1.4.12.Final
2025-01-10 18:01:40,565 INFO  [org.jboss.threads] (main) JBoss Threads version 2.4.0.Final
2025-01-10 18:01:40,632 INFO  [org.jboss.as] (MSC service thread 1-2) WFLYSRV0049: WildFly Full 23.0.0.Final (WildFly Core 15.0.0.Final) starting
2025-01-10 18:01:40,633 DEBUG [org.jboss.as.config] (MSC service thread 1-2) Configured system properties:
	[Standalone] = 
	awt.toolkit = sun.lwawt.macosx.LWCToolkit
	file.encoding = UTF-8
	file.encoding.pkg = sun.io
	file.separator = /
	ftp.nonProxyHosts = local|*.local|169.254/16|*.169.254/16
	gopherProxySet = false
	http.nonProxyHosts = local|*.local|169.254/16|*.169.254/16
	java.awt.graphicsenv = sun.awt.CGraphicsEnvironment
	java.awt.headless = true
	java.awt.printerjob = sun.lwawt.macosx.CPrinterJob
	java.class.path = /Users/sasailin/Desktop/Web_programming/web-lab4/wildfly-23.0.0.Final/jboss-modules.jar
	java.class.version = 52.0
	java.endorsed.dirs = /Library/Java/JavaVirtualMachines/zulu-8.jdk/Contents/Home/jre/lib/endorsed
	java.ext.dirs = /Users/sasailin/Library/Java/Extensions:/Library/Java/JavaVirtualMachines/zulu-8.jdk/Contents/Home/jre/lib/ext:/Library/Java/Extensions:/Network/Library/Java/Extensions:/System/Library/Java/Extensions:/usr/lib/java
	java.home = /Library/Java/JavaVirtualMachines/zulu-8.jdk/Contents/Home/jre
	java.io.tmpdir = /var/folders/jm/yh8d66r9627c7gms8mbw1cmr0000gn/T/
	java.library.path = /Users/sasailin/Library/Java/Extensions:/Library/Java/Extensions:/Network/Library/Java/Extensions:/System/Library/Java/Extensions:/usr/lib/java:.
	java.net.preferIPv4Stack = true
	java.runtime.name = OpenJDK Runtime Environment
	java.runtime.version = 1.8.0_402-b06
	java.specification.maintenance.version = 5
	java.specification.name = Java Platform API Specification
	java.specification.vendor = Oracle Corporation
	java.specification.version = 1.8
	java.util.logging.manager = org.jboss.logmanager.LogManager
	java.vendor = Azul Systems, Inc.
	java.vendor.url = http://www.azul.com/
	java.vendor.url.bug = http://www.azul.com/support/
	java.version = 1.8.0_402
	java.vm.info = mixed mode
	java.vm.name = OpenJDK 64-Bit Server VM
	java.vm.specification.name = Java Virtual Machine Specification
	java.vm.specification.vendor = Oracle Corporation
	java.vm.specification.version = 1.8
	java.vm.vendor = Azul Systems, Inc.
	java.vm.version = 25.402-b06
	javax.management.builder.initial = org.jboss.as.jmx.PluggableMBeanServerBuilder
	jboss.home.dir = /Users/sasailin/Desktop/Web_programming/web-lab4/wildfly-23.0.0.Final
	jboss.host.name = macbook-air-sasa-2
	jboss.modules.dir = /Users/sasailin/Desktop/Web_programming/web-lab4/wildfly-23.0.0.Final/modules
	jboss.modules.system.pkgs = org.jboss.byteman
	jboss.node.name = macbook-air-sasa-2
	jboss.qualified.host.name = macbook-air-sasa-2.local
	jboss.server.base.dir = /Users/sasailin/Desktop/Web_programming/web-lab4/wildfly-23.0.0.Final/standalone
	jboss.server.config.dir = /Users/sasailin/Desktop/Web_programming/web-lab4/wildfly-23.0.0.Final/standalone/configuration
	jboss.server.data.dir = /Users/sasailin/Desktop/Web_programming/web-lab4/wildfly-23.0.0.Final/standalone/data
	jboss.server.deploy.dir = /Users/sasailin/Desktop/Web_programming/web-lab4/wildfly-23.0.0.Final/standalone/data/content
	jboss.server.log.dir = /Users/sasailin/Desktop/Web_programming/web-lab4/wildfly-23.0.0.Final/standalone/log
	jboss.server.name = macbook-air-sasa-2
	jboss.server.persist.config = true
	jboss.server.temp.dir = /Users/sasailin/Desktop/Web_programming/web-lab4/wildfly-23.0.0.Final/standalone/tmp
	jdk.vendor.version = Zulu 8.76.0.17-CA-macos-aarch64
	line.separator = 

	logging.configuration = file:/Users/sasailin/Desktop/Web_programming/web-lab4/wildfly-23.0.0.Final/standalone/configuration/logging.properties
	module.path = /Users/sasailin/Desktop/Web_programming/web-lab4/wildfly-23.0.0.Final/modules
	org.jboss.boot.log.file = /Users/sasailin/Desktop/Web_programming/web-lab4/wildfly-23.0.0.Final/standalone/log/server.log
	org.jboss.resolver.warning = true
	os.arch = aarch64
	os.name = Mac OS X
	os.version = 14.1.1
	path.separator = :
	socksNonProxyHosts = local|*.local|169.254/16|*.169.254/16
	sun.arch.data.model = 64
	sun.boot.class.path = /Library/Java/JavaVirtualMachines/zulu-8.jdk/Contents/Home/jre/lib/resources.jar:/Library/Java/JavaVirtualMachines/zulu-8.jdk/Contents/Home/jre/lib/rt.jar:/Library/Java/JavaVirtualMachines/zulu-8.jdk/Contents/Home/jre/lib/sunrsasign.jar:/Library/Java/JavaVirtualMachines/zulu-8.jdk/Contents/Home/jre/lib/jsse.jar:/Library/Java/JavaVirtualMachines/zulu-8.jdk/Contents/Home/jre/lib/jce.jar:/Library/Java/JavaVirtualMachines/zulu-8.jdk/Contents/Home/jre/lib/charsets.jar:/Library/Java/JavaVirtualMachines/zulu-8.jdk/Contents/Home/jre/lib/jfr.jar:/Library/Java/JavaVirtualMachines/zulu-8.jdk/Contents/Home/jre/lib/cat.jar:/Library/Java/JavaVirtualMachines/zulu-8.jdk/Contents/Home/jre/classes
	sun.boot.library.path = /Library/Java/JavaVirtualMachines/zulu-8.jdk/Contents/Home/jre/lib
	sun.cpu.endian = little
	sun.cpu.isalist = 
	sun.io.unicode.encoding = UnicodeBig
	sun.java.command = /Users/sasailin/Desktop/Web_programming/web-lab4/wildfly-23.0.0.Final/jboss-modules.jar -mp /Users/sasailin/Desktop/Web_programming/web-lab4/wildfly-23.0.0.Final/modules org.jboss.as.standalone -Djboss.home.dir=/Users/sasailin/Desktop/Web_programming/web-lab4/wildfly-23.0.0.Final -Djboss.server.base.dir=/Users/sasailin/Desktop/Web_programming/web-lab4/wildfly-23.0.0.Final/standalone
	sun.java.launcher = SUN_STANDARD
	sun.jnu.encoding = UTF-8
	sun.management.compiler = HotSpot 64-Bit Tiered Compilers
	sun.os.patch.level = unknown
	user.country = RU
	user.dir = /Users/sasailin/Desktop/Web_programming/web-lab4
	user.home = /Users/sasailin
	user.language = ru
	user.name = sasailin
	user.timezone = Europe/Moscow
2025-01-10 18:01:40,633 DEBUG [org.jboss.as.config] (MSC service thread 1-2) VM Arguments: -D[Standalone] -Xms64m -Xmx512m -XX:MetaspaceSize=96M -XX:MaxMetaspaceSize=256m -Djava.net.preferIPv4Stack=true -Djboss.modules.system.pkgs=org.jboss.byteman -Djava.awt.headless=true -Dorg.jboss.boot.log.file=/Users/sasailin/Desktop/Web_programming/web-lab4/wildfly-23.0.0.Final/standalone/log/server.log -Dlogging.configuration=file:/Users/sasailin/Desktop/Web_programming/web-lab4/wildfly-23.0.0.Final/standalone/configuration/logging.properties 
2025-01-10 18:01:41,014 INFO  [org.wildfly.security] (ServerService Thread Pool -- 28) ELY00001: WildFly Elytron version 1.15.1.Final
2025-01-10 18:01:41,170 WARN  [org.jboss.as.controller.management-deprecated] (ServerService Thread Pool -- 20) WFLYCTL0033: Extension 'security' is deprecated and may not be supported in future versions
2025-01-10 18:01:41,304 INFO  [org.jboss.as.controller.management-deprecated] (Controller Boot Thread) WFLYCTL0028: Attribute 'security-realm' in the resource at address '/core-service=management/management-interface=http-interface' is deprecated, and may be removed in a future version. See the attribute description in the output of the read-resource-description operation to learn more about the deprecation.
2025-01-10 18:01:41,322 INFO  [org.jboss.as.controller.management-deprecated] (ServerService Thread Pool -- 32) WFLYCTL0028: Attribute 'security-realm' in the resource at address '/subsystem=undertow/server=default-server/https-listener=https' is deprecated, and may be removed in a future version. See the attribute description in the output of the read-resource-description operation to learn more about the deprecation.
2025-01-10 18:01:41,370 INFO  [org.jboss.as.server] (Controller Boot Thread) WFLYSRV0039: Creating http management service using socket-binding (management-http)
2025-01-10 18:01:41,379 INFO  [org.xnio] (MSC service thread 1-7) XNIO version 3.8.4.Final
2025-01-10 18:01:41,394 INFO  [org.xnio.nio] (MSC service thread 1-7) XNIO NIO Implementation Version 3.8.4.Final
2025-01-10 18:01:41,411 WARN  [org.jboss.as.txn] (ServerService Thread Pool -- 74) WFLYTX0013: The node-identifier attribute on the /subsystem=transactions is set to the default value. This is a danger for environments running multiple servers. Please make sure the attribute value is unique.
2025-01-10 18:01:41,416 INFO  [org.jboss.as.clustering.infinispan] (ServerService Thread Pool -- 53) WFLYCLINF0001: Activating Infinispan subsystem.
2025-01-10 18:01:41,417 INFO  [org.wildfly.extension.microprofile.jwt.smallrye._private] (ServerService Thread Pool -- 64) WFLYJWT0001: Activating WildFly MicroProfile JWT Subsystem
2025-01-10 18:01:41,417 INFO  [org.jboss.as.jaxrs] (ServerService Thread Pool -- 55) WFLYRS0016: RESTEasy version 3.15.1.Final
2025-01-10 18:01:41,418 INFO  [org.wildfly.extension.microprofile.config.smallrye._private] (ServerService Thread Pool -- 63) WFLYCONF0001: Activating WildFly MicroProfile Config Subsystem
2025-01-10 18:01:41,421 INFO  [org.wildfly.extension.io] (ServerService Thread Pool -- 54) WFLYIO001: Worker 'default' has auto-configured to 16 IO threads with 128 max task threads based on your 8 available processors
2025-01-10 18:01:41,422 INFO  [org.jboss.as.security] (ServerService Thread Pool -- 72) WFLYSEC0002: Activating Security Subsystem
2025-01-10 18:01:41,423 INFO  [org.wildfly.extension.microprofile.opentracing] (ServerService Thread Pool -- 65) WFLYTRACEXT0001: Activating MicroProfile OpenTracing Subsystem
2025-01-10 18:01:41,423 INFO  [org.wildfly.extension.health] (ServerService Thread Pool -- 52) WFLYHEALTH0001: Activating Base Health Subsystem
2025-01-10 18:01:41,428 INFO  [org.jboss.as.webservices] (ServerService Thread Pool -- 76) WFLYWS0002: Activating WebServices Extension
2025-01-10 18:01:41,428 INFO  [org.jboss.as.naming] (ServerService Thread Pool -- 66) WFLYNAM0001: Activating Naming Subsystem
2025-01-10 18:01:41,430 INFO  [org.jboss.as.jsf] (ServerService Thread Pool -- 60) WFLYJSF0007: Activated the following Jakarta Server Faces Implementations: [main]
2025-01-10 18:01:41,433 INFO  [org.jboss.as.connector] (MSC service thread 1-1) WFLYJCA0009: Starting Jakarta Connectors Subsystem (WildFly/IronJacamar 1.4.27.Final)
2025-01-10 18:01:41,437 INFO  [org.jboss.as.security] (MSC service thread 1-5) WFLYSEC0001: Current PicketBox version=5.0.3.Final-redhat-00007
2025-01-10 18:01:41,437 INFO  [org.wildfly.extension.metrics] (ServerService Thread Pool -- 62) WFLYMETRICS0001: Activating Base Metrics Subsystem
2025-01-10 18:01:41,467 INFO  [org.wildfly.extension.undertow] (MSC service thread 1-8) WFLYUT0003: Undertow 2.2.5.Final starting
2025-01-10 18:01:41,539 INFO  [org.jboss.as.connector.subsystems.datasources] (ServerService Thread Pool -- 44) WFLYJCA0004: Deploying JDBC-compliant driver class org.h2.Driver (version 1.4)
2025-01-10 18:01:41,542 INFO  [org.jboss.as.connector.deployers.jdbc] (MSC service thread 1-3) WFLYJCA0018: Started Driver service with driver-name = h2
2025-01-10 18:01:41,554 INFO  [org.jboss.as.naming] (MSC service thread 1-8) WFLYNAM0003: Starting Naming Service
2025-01-10 18:01:41,555 INFO  [org.jboss.as.mail.extension] (MSC service thread 1-3) WFLYMAIL0001: Bound mail session [java:jboss/mail/Default]
2025-01-10 18:01:41,572 INFO  [org.jboss.remoting] (MSC service thread 1-7) JBoss Remoting version 5.0.20.Final
2025-01-10 18:01:41,599 WARN  [org.wildfly.extension.elytron] (MSC service thread 1-6) WFLYELY00023: KeyStore file '/Users/sasailin/Desktop/Web_programming/web-lab4/wildfly-23.0.0.Final/standalone/configuration/application.keystore' does not exist. Used blank.
2025-01-10 18:01:41,614 WARN  [org.wildfly.extension.elytron] (MSC service thread 1-6) WFLYELY01084: KeyStore /Users/sasailin/Desktop/Web_programming/web-lab4/wildfly-23.0.0.Final/standalone/configuration/application.keystore not found, it will be auto generated on first use with a self-signed certificate for host localhost
2025-01-10 18:01:41,615 INFO  [org.wildfly.extension.undertow] (ServerService Thread Pool -- 75) WFLYUT0014: Creating file handler for path '/Users/sasailin/Desktop/Web_programming/web-lab4/wildfly-23.0.0.Final/welcome-content' with options [directory-listing: 'false', follow-symlink: 'false', case-sensitive: 'true', safe-symlink-paths: '[]']
2025-01-10 18:01:41,643 INFO  [org.jboss.as.ejb3] (MSC service thread 1-6) WFLYEJB0482: Strict pool mdb-strict-max-pool is using a max instance size of 32 (per class), which is derived from the number of CPUs on this host.
2025-01-10 18:01:41,644 INFO  [org.jboss.as.ejb3] (MSC service thread 1-8) WFLYEJB0481: Strict pool slsb-strict-max-pool is using a max instance size of 128 (per class), which is derived from thread worker pool sizing.
2025-01-10 18:01:41,650 INFO  [org.wildfly.extension.undertow] (MSC service thread 1-6) WFLYUT0012: Started server default-server.
2025-01-10 18:01:41,652 INFO  [org.wildfly.extension.undertow] (MSC service thread 1-8) Queuing requests.
2025-01-10 18:01:41,663 INFO  [org.wildfly.extension.undertow] (MSC service thread 1-8) WFLYUT0018: Host default-host starting
2025-01-10 18:01:41,731 INFO  [org.wildfly.extension.undertow] (MSC service thread 1-6) WFLYUT0006: Undertow HTTP listener default listening on 127.0.0.1:8080
2025-01-10 18:01:41,763 INFO  [org.jboss.as.ejb3] (MSC service thread 1-2) WFLYEJB0493: Jakarta Enterprise Beans subsystem suspension complete
2025-01-10 18:01:41,794 INFO  [org.jboss.as.patching] (MSC service thread 1-7) WFLYPAT0050: WildFly Full cumulative patch ID is: base, one-off patches include: none
2025-01-10 18:01:41,795 INFO  [org.jboss.as.connector.subsystems.datasources] (MSC service thread 1-6) WFLYJCA0001: Bound data source [java:jboss/datasources/ExampleDS]
2025-01-10 18:01:41,801 WARN  [org.jboss.as.domain.management.security] (MSC service thread 1-7) WFLYDM0111: Keystore /Users/sasailin/Desktop/Web_programming/web-lab4/wildfly-23.0.0.Final/standalone/configuration/application.keystore not found, it will be auto generated on first use with a self signed certificate for host localhost
2025-01-10 18:01:41,804 INFO  [org.jboss.as.server.deployment.scanner] (MSC service thread 1-3) WFLYDS0013: Started FileSystemDeploymentService for directory /Users/sasailin/Desktop/Web_programming/web-lab4/wildfly-23.0.0.Final/standalone/deployments
2025-01-10 18:01:41,822 INFO  [org.wildfly.extension.undertow] (MSC service thread 1-7) WFLYUT0006: Undertow HTTPS listener https listening on 127.0.0.1:8443
2025-01-10 18:01:41,865 INFO  [org.jboss.ws.common.management] (MSC service thread 1-3) JBWS022052: Starting JBossWS 5.4.2.Final (Apache CXF 3.3.9) 
2025-01-10 18:01:41,943 INFO  [org.jboss.as.server] (Controller Boot Thread) WFLYSRV0212: Resuming server
2025-01-10 18:01:41,944 INFO  [org.jboss.as] (Controller Boot Thread) WFLYSRV0025: WildFly Full 23.0.0.Final (WildFly Core 15.0.0.Final) started in 1977ms - Started 319 of 558 services (344 services are lazy, passive or on-demand)
2025-01-10 18:01:41,945 INFO  [org.jboss.as] (Controller Boot Thread) WFLYSRV0060: Http management interface listening on http://127.0.0.1:9990/management
2025-01-10 18:01:41,945 INFO  [org.jboss.as] (Controller Boot Thread) WFLYSRV0051: Admin console listening on http://127.0.0.1:9990
2025-01-10 18:02:03,798 INFO  [org.jboss.as.server] (Thread-2) WFLYSRV0272: Suspending server
2025-01-10 18:02:03,803 INFO  [org.jboss.as.ejb3] (Thread-2) WFLYEJB0493: Jakarta Enterprise Beans subsystem suspension complete
2025-01-10 18:02:03,807 INFO  [org.jboss.as.server] (Thread-2) WFLYSRV0220: Server shutdown has been requested via an OS signal
2025-01-10 18:02:03,819 INFO  [org.jboss.as.connector.subsystems.datasources] (MSC service thread 1-7) WFLYJCA0010: Unbound data source [java:jboss/datasources/ExampleDS]
2025-01-10 18:02:03,824 INFO  [org.jboss.as.mail.extension] (MSC service thread 1-2) WFLYMAIL0002: Unbound mail session [java:jboss/mail/Default]
2025-01-10 18:02:03,845 INFO  [org.wildfly.extension.undertow] (MSC service thread 1-5) WFLYUT0019: Host default-host stopping
2025-01-10 18:02:03,845 INFO  [org.wildfly.extension.undertow] (MSC service thread 1-6) WFLYUT0008: Undertow HTTPS listener https suspending
2025-01-10 18:02:03,846 INFO  [org.wildfly.extension.undertow] (MSC service thread 1-6) WFLYUT0007: Undertow HTTPS listener https stopped, was bound to 127.0.0.1:8443
2025-01-10 18:02:03,847 INFO  [org.wildfly.extension.undertow] (MSC service thread 1-6) WFLYUT0008: Undertow HTTP listener default suspending
2025-01-10 18:02:03,847 INFO  [org.wildfly.extension.undertow] (MSC service thread 1-6) WFLYUT0007: Undertow HTTP listener default stopped, was bound to 127.0.0.1:8080
2025-01-10 18:02:03,849 INFO  [org.wildfly.extension.undertow] (MSC service thread 1-3) WFLYUT0004: Undertow 2.2.5.Final stopping
2025-01-10 18:02:03,850 INFO  [org.jboss.as.connector.deployers.jdbc] (MSC service thread 1-1) WFLYJCA0019: Stopped Driver service with driver-name = h2
2025-01-10 18:02:03,860 INFO  [org.jboss.as] (MSC service thread 1-8) WFLYSRV0050: WildFly Full 23.0.0.Final (WildFly Core 15.0.0.Final) stopped in 41ms
2025-01-10 18:03:28,284 INFO  [org.jboss.modules] (main) JBoss Modules version 1.11.0.Final
2025-01-10 18:03:28,611 INFO  [org.jboss.msc] (main) JBoss MSC version 1.4.12.Final
2025-01-10 18:03:28,617 INFO  [org.jboss.threads] (main) JBoss Threads version 2.4.0.Final
2025-01-10 18:03:28,695 INFO  [org.jboss.as] (MSC service thread 1-2) WFLYSRV0049: WildFly Full 23.0.0.Final (WildFly Core 15.0.0.Final) starting
2025-01-10 18:03:28,697 DEBUG [org.jboss.as.config] (MSC service thread 1-2) Configured system properties:
	[Standalone] = 
	awt.toolkit = sun.lwawt.macosx.LWCToolkit
	file.encoding = UTF-8
	file.encoding.pkg = sun.io
	file.separator = /
	ftp.nonProxyHosts = local|*.local|169.254/16|*.169.254/16
	gopherProxySet = false
	http.nonProxyHosts = local|*.local|169.254/16|*.169.254/16
	java.awt.graphicsenv = sun.awt.CGraphicsEnvironment
	java.awt.headless = true
	java.awt.printerjob = sun.lwawt.macosx.CPrinterJob
	java.class.path = /Users/sasailin/Desktop/Web_programming/web-lab4/wildfly-23.0.0.Final/jboss-modules.jar
	java.class.version = 52.0
	java.endorsed.dirs = /Library/Java/JavaVirtualMachines/zulu-8.jdk/Contents/Home/jre/lib/endorsed
	java.ext.dirs = /Users/sasailin/Library/Java/Extensions:/Library/Java/JavaVirtualMachines/zulu-8.jdk/Contents/Home/jre/lib/ext:/Library/Java/Extensions:/Network/Library/Java/Extensions:/System/Library/Java/Extensions:/usr/lib/java
	java.home = /Library/Java/JavaVirtualMachines/zulu-8.jdk/Contents/Home/jre
	java.io.tmpdir = /var/folders/jm/yh8d66r9627c7gms8mbw1cmr0000gn/T/
	java.library.path = /Users/sasailin/Library/Java/Extensions:/Library/Java/Extensions:/Network/Library/Java/Extensions:/System/Library/Java/Extensions:/usr/lib/java:.
	java.net.preferIPv4Stack = true
	java.runtime.name = OpenJDK Runtime Environment
	java.runtime.version = 1.8.0_402-b06
	java.specification.maintenance.version = 5
	java.specification.name = Java Platform API Specification
	java.specification.vendor = Oracle Corporation
	java.specification.version = 1.8
	java.util.logging.manager = org.jboss.logmanager.LogManager
	java.vendor = Azul Systems, Inc.
	java.vendor.url = http://www.azul.com/
	java.vendor.url.bug = http://www.azul.com/support/
	java.version = 1.8.0_402
	java.vm.info = mixed mode
	java.vm.name = OpenJDK 64-Bit Server VM
	java.vm.specification.name = Java Virtual Machine Specification
	java.vm.specification.vendor = Oracle Corporation
	java.vm.specification.version = 1.8
	java.vm.vendor = Azul Systems, Inc.
	java.vm.version = 25.402-b06
	javax.management.builder.initial = org.jboss.as.jmx.PluggableMBeanServerBuilder
	jboss.home.dir = /Users/sasailin/Desktop/Web_programming/web-lab4/wildfly-23.0.0.Final
	jboss.host.name = macbook-air-sasa-2
	jboss.modules.dir = /Users/sasailin/Desktop/Web_programming/web-lab4/wildfly-23.0.0.Final/modules
	jboss.modules.system.pkgs = org.jboss.byteman
	jboss.node.name = macbook-air-sasa-2
	jboss.qualified.host.name = macbook-air-sasa-2.local
	jboss.server.base.dir = /Users/sasailin/Desktop/Web_programming/web-lab4/wildfly-23.0.0.Final/standalone
	jboss.server.config.dir = /Users/sasailin/Desktop/Web_programming/web-lab4/wildfly-23.0.0.Final/standalone/configuration
	jboss.server.data.dir = /Users/sasailin/Desktop/Web_programming/web-lab4/wildfly-23.0.0.Final/standalone/data
	jboss.server.deploy.dir = /Users/sasailin/Desktop/Web_programming/web-lab4/wildfly-23.0.0.Final/standalone/data/content
	jboss.server.log.dir = /Users/sasailin/Desktop/Web_programming/web-lab4/wildfly-23.0.0.Final/standalone/log
	jboss.server.name = macbook-air-sasa-2
	jboss.server.persist.config = true
	jboss.server.temp.dir = /Users/sasailin/Desktop/Web_programming/web-lab4/wildfly-23.0.0.Final/standalone/tmp
	jdk.vendor.version = Zulu 8.76.0.17-CA-macos-aarch64
	line.separator = 

	logging.configuration = file:/Users/sasailin/Desktop/Web_programming/web-lab4/wildfly-23.0.0.Final/standalone/configuration/logging.properties
	module.path = /Users/sasailin/Desktop/Web_programming/web-lab4/wildfly-23.0.0.Final/modules
	org.jboss.boot.log.file = /Users/sasailin/Desktop/Web_programming/web-lab4/wildfly-23.0.0.Final/standalone/log/server.log
	org.jboss.resolver.warning = true
	os.arch = aarch64
	os.name = Mac OS X
	os.version = 14.1.1
	path.separator = :
	socksNonProxyHosts = local|*.local|169.254/16|*.169.254/16
	sun.arch.data.model = 64
	sun.boot.class.path = /Library/Java/JavaVirtualMachines/zulu-8.jdk/Contents/Home/jre/lib/resources.jar:/Library/Java/JavaVirtualMachines/zulu-8.jdk/Contents/Home/jre/lib/rt.jar:/Library/Java/JavaVirtualMachines/zulu-8.jdk/Contents/Home/jre/lib/sunrsasign.jar:/Library/Java/JavaVirtualMachines/zulu-8.jdk/Contents/Home/jre/lib/jsse.jar:/Library/Java/JavaVirtualMachines/zulu-8.jdk/Contents/Home/jre/lib/jce.jar:/Library/Java/JavaVirtualMachines/zulu-8.jdk/Contents/Home/jre/lib/charsets.jar:/Library/Java/JavaVirtualMachines/zulu-8.jdk/Contents/Home/jre/lib/jfr.jar:/Library/Java/JavaVirtualMachines/zulu-8.jdk/Contents/Home/jre/lib/cat.jar:/Library/Java/JavaVirtualMachines/zulu-8.jdk/Contents/Home/jre/classes
	sun.boot.library.path = /Library/Java/JavaVirtualMachines/zulu-8.jdk/Contents/Home/jre/lib
	sun.cpu.endian = little
	sun.cpu.isalist = 
	sun.io.unicode.encoding = UnicodeBig
	sun.java.command = /Users/sasailin/Desktop/Web_programming/web-lab4/wildfly-23.0.0.Final/jboss-modules.jar -mp /Users/sasailin/Desktop/Web_programming/web-lab4/wildfly-23.0.0.Final/modules org.jboss.as.standalone -Djboss.home.dir=/Users/sasailin/Desktop/Web_programming/web-lab4/wildfly-23.0.0.Final -Djboss.server.base.dir=/Users/sasailin/Desktop/Web_programming/web-lab4/wildfly-23.0.0.Final/standalone
	sun.java.launcher = SUN_STANDARD
	sun.jnu.encoding = UTF-8
	sun.management.compiler = HotSpot 64-Bit Tiered Compilers
	sun.os.patch.level = unknown
	user.country = RU
	user.dir = /Users/sasailin/Desktop/Web_programming/web-lab4
	user.home = /Users/sasailin
	user.language = ru
	user.name = sasailin
	user.timezone = Europe/Moscow
2025-01-10 18:03:28,697 DEBUG [org.jboss.as.config] (MSC service thread 1-2) VM Arguments: -D[Standalone] -Xms64m -Xmx512m -XX:MetaspaceSize=96M -XX:MaxMetaspaceSize=256m -Djava.net.preferIPv4Stack=true -Djboss.modules.system.pkgs=org.jboss.byteman -Djava.awt.headless=true -Dorg.jboss.boot.log.file=/Users/sasailin/Desktop/Web_programming/web-lab4/wildfly-23.0.0.Final/standalone/log/server.log -Dlogging.configuration=file:/Users/sasailin/Desktop/Web_programming/web-lab4/wildfly-23.0.0.Final/standalone/configuration/logging.properties 
2025-01-10 18:03:29,092 INFO  [org.wildfly.security] (ServerService Thread Pool -- 28) ELY00001: WildFly Elytron version 1.15.1.Final
2025-01-10 18:03:29,254 WARN  [org.jboss.as.controller.management-deprecated] (ServerService Thread Pool -- 5) WFLYCTL0033: Extension 'security' is deprecated and may not be supported in future versions
2025-01-10 18:03:29,379 INFO  [org.jboss.as.controller.management-deprecated] (Controller Boot Thread) WFLYCTL0028: Attribute 'security-realm' in the resource at address '/core-service=management/management-interface=http-interface' is deprecated, and may be removed in a future version. See the attribute description in the output of the read-resource-description operation to learn more about the deprecation.
2025-01-10 18:03:29,394 INFO  [org.jboss.as.controller.management-deprecated] (ServerService Thread Pool -- 20) WFLYCTL0028: Attribute 'security-realm' in the resource at address '/subsystem=undertow/server=default-server/https-listener=https' is deprecated, and may be removed in a future version. See the attribute description in the output of the read-resource-description operation to learn more about the deprecation.
2025-01-10 18:03:29,440 INFO  [org.jboss.as.server] (Controller Boot Thread) WFLYSRV0039: Creating http management service using socket-binding (management-http)
2025-01-10 18:03:29,450 INFO  [org.xnio] (MSC service thread 1-5) XNIO version 3.8.4.Final
2025-01-10 18:03:29,465 INFO  [org.xnio.nio] (MSC service thread 1-5) XNIO NIO Implementation Version 3.8.4.Final
2025-01-10 18:03:29,481 INFO  [org.jboss.as.clustering.infinispan] (ServerService Thread Pool -- 53) WFLYCLINF0001: Activating Infinispan subsystem.
2025-01-10 18:03:29,485 WARN  [org.jboss.as.txn] (ServerService Thread Pool -- 74) WFLYTX0013: The node-identifier attribute on the /subsystem=transactions is set to the default value. This is a danger for environments running multiple servers. Please make sure the attribute value is unique.
2025-01-10 18:03:29,489 INFO  [org.wildfly.extension.microprofile.config.smallrye._private] (ServerService Thread Pool -- 63) WFLYCONF0001: Activating WildFly MicroProfile Config Subsystem
2025-01-10 18:03:29,492 INFO  [org.wildfly.extension.microprofile.jwt.smallrye._private] (ServerService Thread Pool -- 64) WFLYJWT0001: Activating WildFly MicroProfile JWT Subsystem
2025-01-10 18:03:29,493 INFO  [org.wildfly.extension.io] (ServerService Thread Pool -- 54) WFLYIO001: Worker 'default' has auto-configured to 16 IO threads with 128 max task threads based on your 8 available processors
2025-01-10 18:03:29,493 INFO  [org.jboss.as.jaxrs] (ServerService Thread Pool -- 55) WFLYRS0016: RESTEasy version 3.15.1.Final
2025-01-10 18:03:29,499 INFO  [org.jboss.as.webservices] (ServerService Thread Pool -- 76) WFLYWS0002: Activating WebServices Extension
2025-01-10 18:03:29,500 INFO  [org.wildfly.extension.microprofile.opentracing] (ServerService Thread Pool -- 65) WFLYTRACEXT0001: Activating MicroProfile OpenTracing Subsystem
2025-01-10 18:03:29,501 INFO  [org.jboss.as.jsf] (ServerService Thread Pool -- 60) WFLYJSF0007: Activated the following Jakarta Server Faces Implementations: [main]
2025-01-10 18:03:29,503 INFO  [org.wildfly.extension.metrics] (ServerService Thread Pool -- 62) WFLYMETRICS0001: Activating Base Metrics Subsystem
2025-01-10 18:03:29,504 INFO  [org.wildfly.extension.health] (ServerService Thread Pool -- 52) WFLYHEALTH0001: Activating Base Health Subsystem
2025-01-10 18:03:29,506 INFO  [org.jboss.as.naming] (ServerService Thread Pool -- 66) WFLYNAM0001: Activating Naming Subsystem
2025-01-10 18:03:29,513 INFO  [org.jboss.as.security] (ServerService Thread Pool -- 72) WFLYSEC0002: Activating Security Subsystem
2025-01-10 18:03:29,518 INFO  [org.jboss.as.security] (MSC service thread 1-6) WFLYSEC0001: Current PicketBox version=5.0.3.Final-redhat-00007
2025-01-10 18:03:29,539 INFO  [org.wildfly.extension.undertow] (MSC service thread 1-4) WFLYUT0003: Undertow 2.2.5.Final starting
2025-01-10 18:03:29,605 INFO  [org.jboss.as.connector] (MSC service thread 1-4) WFLYJCA0009: Starting Jakarta Connectors Subsystem (WildFly/IronJacamar 1.4.27.Final)
2025-01-10 18:03:29,614 INFO  [org.jboss.as.connector.subsystems.datasources] (ServerService Thread Pool -- 44) WFLYJCA0004: Deploying JDBC-compliant driver class org.h2.Driver (version 1.4)
2025-01-10 18:03:29,619 INFO  [org.jboss.as.connector.deployers.jdbc] (MSC service thread 1-3) WFLYJCA0018: Started Driver service with driver-name = h2
2025-01-10 18:03:29,649 INFO  [org.jboss.as.naming] (MSC service thread 1-4) WFLYNAM0003: Starting Naming Service
2025-01-10 18:03:29,650 INFO  [org.jboss.remoting] (MSC service thread 1-5) JBoss Remoting version 5.0.20.Final
2025-01-10 18:03:29,656 WARN  [org.wildfly.extension.elytron] (MSC service thread 1-4) WFLYELY00023: KeyStore file '/Users/sasailin/Desktop/Web_programming/web-lab4/wildfly-23.0.0.Final/standalone/configuration/application.keystore' does not exist. Used blank.
2025-01-10 18:03:29,659 INFO  [org.jboss.as.mail.extension] (MSC service thread 1-7) WFLYMAIL0001: Bound mail session [java:jboss/mail/Default]
2025-01-10 18:03:29,674 WARN  [org.wildfly.extension.elytron] (MSC service thread 1-7) WFLYELY01084: KeyStore /Users/sasailin/Desktop/Web_programming/web-lab4/wildfly-23.0.0.Final/standalone/configuration/application.keystore not found, it will be auto generated on first use with a self-signed certificate for host localhost
2025-01-10 18:03:29,700 INFO  [org.wildfly.extension.undertow] (ServerService Thread Pool -- 75) WFLYUT0014: Creating file handler for path '/Users/sasailin/Desktop/Web_programming/web-lab4/wildfly-23.0.0.Final/welcome-content' with options [directory-listing: 'false', follow-symlink: 'false', case-sensitive: 'true', safe-symlink-paths: '[]']
2025-01-10 18:03:29,706 INFO  [org.jboss.as.ejb3] (MSC service thread 1-8) WFLYEJB0481: Strict pool slsb-strict-max-pool is using a max instance size of 128 (per class), which is derived from thread worker pool sizing.
2025-01-10 18:03:29,706 INFO  [org.jboss.as.ejb3] (MSC service thread 1-4) WFLYEJB0482: Strict pool mdb-strict-max-pool is using a max instance size of 32 (per class), which is derived from the number of CPUs on this host.
2025-01-10 18:03:29,714 INFO  [org.wildfly.extension.undertow] (MSC service thread 1-2) WFLYUT0012: Started server default-server.
2025-01-10 18:03:29,714 INFO  [org.wildfly.extension.undertow] (MSC service thread 1-5) Queuing requests.
2025-01-10 18:03:29,716 INFO  [org.wildfly.extension.undertow] (MSC service thread 1-5) WFLYUT0018: Host default-host starting
2025-01-10 18:03:29,757 INFO  [org.wildfly.extension.undertow] (MSC service thread 1-8) WFLYUT0006: Undertow HTTP listener default listening on 127.0.0.1:8080
2025-01-10 18:03:29,798 INFO  [org.jboss.as.ejb3] (MSC service thread 1-6) WFLYEJB0493: Jakarta Enterprise Beans subsystem suspension complete
2025-01-10 18:03:29,837 INFO  [org.jboss.as.connector.subsystems.datasources] (MSC service thread 1-6) WFLYJCA0001: Bound data source [java:jboss/datasources/ExampleDS]
2025-01-10 18:03:29,901 INFO  [org.jboss.as.patching] (MSC service thread 1-1) WFLYPAT0050: WildFly Full cumulative patch ID is: base, one-off patches include: none
2025-01-10 18:03:29,908 WARN  [org.jboss.as.domain.management.security] (MSC service thread 1-6) WFLYDM0111: Keystore /Users/sasailin/Desktop/Web_programming/web-lab4/wildfly-23.0.0.Final/standalone/configuration/application.keystore not found, it will be auto generated on first use with a self signed certificate for host localhost
2025-01-10 18:03:29,911 INFO  [org.jboss.as.server.deployment.scanner] (MSC service thread 1-4) WFLYDS0013: Started FileSystemDeploymentService for directory /Users/sasailin/Desktop/Web_programming/web-lab4/wildfly-23.0.0.Final/standalone/deployments
2025-01-10 18:03:29,928 INFO  [org.wildfly.extension.undertow] (MSC service thread 1-8) WFLYUT0006: Undertow HTTPS listener https listening on 127.0.0.1:8443
2025-01-10 18:03:29,972 INFO  [org.jboss.ws.common.management] (MSC service thread 1-7) JBWS022052: Starting JBossWS 5.4.2.Final (Apache CXF 3.3.9) 
2025-01-10 18:03:30,037 INFO  [org.jboss.as.server] (Controller Boot Thread) WFLYSRV0212: Resuming server
2025-01-10 18:03:30,038 INFO  [org.jboss.as] (Controller Boot Thread) WFLYSRV0025: WildFly Full 23.0.0.Final (WildFly Core 15.0.0.Final) started in 2031ms - Started 319 of 558 services (344 services are lazy, passive or on-demand)
2025-01-10 18:03:30,039 INFO  [org.jboss.as] (Controller Boot Thread) WFLYSRV0060: Http management interface listening on http://127.0.0.1:9990/management
2025-01-10 18:03:30,039 INFO  [org.jboss.as] (Controller Boot Thread) WFLYSRV0051: Admin console listening on http://127.0.0.1:9990
2025-01-10 18:04:30,475 INFO  [org.jboss.as.repository] (External Management Request Threads -- 1) WFLYDR0001: Content added at location /Users/sasailin/Desktop/Web_programming/web-lab4/wildfly-23.0.0.Final/standalone/data/content/55/370bb1254bedb237a20a4e0f119527f7db8ac4/content
2025-01-10 18:04:30,503 INFO  [org.jboss.as.server.deployment] (MSC service thread 1-4) WFLYSRV0027: Starting deployment of "lab4.war" (runtime-name: "lab4.war")
2025-01-10 18:04:32,114 INFO  [org.jboss.as.connector.deployers.jdbc] (MSC service thread 1-6) WFLYJCA0005: Deploying non-JDBC-compliant driver class org.postgresql.Driver (version 42.5)
2025-01-10 18:04:32,116 WARN  [org.jboss.weld.deployer] (MSC service thread 1-6) WFLYWELD0013: Deployment lab4.war contains Jakarta Contexts and Dependency Injection annotations but no bean archive was found (no beans.xml or class with bean defining annotations was present).
2025-01-10 18:04:32,161 INFO  [org.jboss.as.connector.deployers.jdbc] (MSC service thread 1-7) WFLYJCA0018: Started Driver service with driver-name = lab4.war_org.postgresql.Driver_42_5
2025-01-10 18:04:32,283 INFO  [org.infinispan.CONTAINER] (ServerService Thread Pool -- 23) ISPN000128: Infinispan version: Infinispan 'Corona Extra' 11.0.9.Final
2025-01-10 18:04:32,319 INFO  [org.infinispan.CONFIG] (MSC service thread 1-7) ISPN000152: Passivation configured without an eviction policy being selected. Only manually evicted entities will be passivated.
2025-01-10 18:04:32,319 INFO  [org.infinispan.CONFIG] (MSC service thread 1-7) ISPN000152: Passivation configured without an eviction policy being selected. Only manually evicted entities will be passivated.
2025-01-10 18:04:32,373 INFO  [org.infinispan.PERSISTENCE] (ServerService Thread Pool -- 23) ISPN000556: Starting user marshaller 'org.wildfly.clustering.infinispan.spi.marshalling.InfinispanProtoStreamMarshaller'
2025-01-10 18:04:32,489 INFO  [org.jboss.as.clustering.infinispan] (ServerService Thread Pool -- 23) WFLYCLINF0002: Started http-remoting-connector cache from ejb container
2025-01-10 18:04:32,553 INFO  [org.wildfly.extension.undertow] (ServerService Thread Pool -- 23) WFLYUT0021: Registered web context: '/lab4' for server 'default-server'
2025-01-10 18:04:32,585 INFO  [org.jboss.as.server] (External Management Request Threads -- 1) WFLYSRV0010: Deployed "lab4.war" (runtime-name : "lab4.war")
2025-01-10 18:07:00,266 WARN  [org.jboss.as.server.deployment.scanner] (DeploymentScanner-threads - 2) WFLYDS0037: /Users/sasailin/Desktop/Web_programming/web-lab4/wildfly-23.0.0.Final/standalone/deployments does not exist
2025-01-10 18:07:00,270 WARN  [org.jboss.as.server.deployment.scanner] (DeploymentScanner-threads - 2) WFLYDS0043: Deployment directory scan failed due to inaccessible deployment directory: /Users/sasailin/Desktop/Web_programming/web-lab4/wildfly-23.0.0.Final/standalone/deployments
2025-01-10 18:07:04,919 INFO  [org.jboss.as.server] (Thread-2) WFLYSRV0272: Suspending server
2025-01-10 18:07:04,929 INFO  [org.jboss.as.ejb3] (Thread-2) WFLYEJB0493: Jakarta Enterprise Beans subsystem suspension complete
2025-01-10 18:07:04,933 INFO  [org.jboss.as.server] (Thread-2) WFLYSRV0220: Server shutdown has been requested via an OS signal
2025-01-10 18:07:04,942 INFO  [org.jboss.as.connector.deployers.jdbc] (MSC service thread 1-4) WFLYJCA0019: Stopped Driver service with driver-name = lab4.war_org.postgresql.Driver_42_5
2025-01-10 18:07:04,949 INFO  [org.jboss.as.mail.extension] (MSC service thread 1-3) WFLYMAIL0002: Unbound mail session [java:jboss/mail/Default]
2025-01-10 18:07:04,956 INFO  [org.wildfly.extension.undertow] (ServerService Thread Pool -- 23) WFLYUT0022: Unregistered web context: '/lab4' from server 'default-server'
2025-01-10 18:07:04,974 WARN  [org.wildfly.extension.undertow] (ServerService Thread Pool -- 23) WFLYUT0017: Could not delete servlet temp file /Users/sasailin/Desktop/Web_programming/web-lab4/wildfly-23.0.0.Final/standalone/tmp/lab4.war
2025-01-10 18:09:18,464 INFO  [org.jboss.as.connector.subsystems.datasources] (MSC service thread 1-1) WFLYJCA0010: Unbound data source [java:jboss/datasources/ExampleDS]
2025-01-10 18:09:18,467 INFO  [org.wildfly.extension.undertow] (MSC service thread 1-2) WFLYUT0019: Host default-host stopping
2025-01-10 18:09:18,469 INFO  [org.jboss.as.connector.deployers.jdbc] (MSC service thread 1-6) WFLYJCA0019: Stopped Driver service with driver-name = h2
2025-01-10 18:09:18,500 INFO  [org.wildfly.extension.undertow] (MSC service thread 1-7) WFLYUT0008: Undertow HTTP listener default suspending
2025-01-10 18:09:18,501 INFO  [org.wildfly.extension.undertow] (MSC service thread 1-1) WFLYUT0008: Undertow HTTPS listener https suspending
2025-01-10 18:09:18,501 INFO  [org.wildfly.extension.undertow] (MSC service thread 1-7) WFLYUT0007: Undertow HTTP listener default stopped, was bound to 127.0.0.1:8080
2025-01-10 18:09:18,501 INFO  [org.wildfly.extension.undertow] (MSC service thread 1-1) WFLYUT0007: Undertow HTTPS listener https stopped, was bound to 127.0.0.1:8443
2025-01-10 18:09:18,502 INFO  [org.wildfly.extension.undertow] (MSC service thread 1-4) WFLYUT0004: Undertow 2.2.5.Final stopping
2025-01-10 18:09:18,504 INFO  [org.jboss.as.server.deployment] (MSC service thread 1-2) WFLYSRV0028: Stopped deployment lab4.war (runtime-name: lab4.war) in 133571ms
2025-01-10 18:09:18,543 INFO  [org.jboss.as.clustering.infinispan] (ServerService Thread Pool -- 23) WFLYCLINF0003: Stopped http-remoting-connector cache from ejb container
2025-01-10 18:09:18,545 INFO  [org.infinispan.manager.DefaultCacheManager] (ServerService Thread Pool -- 23) Stopping cache manager null on null
2025-01-10 18:09:18,550 INFO  [org.jboss.as] (MSC service thread 1-1) WFLYSRV0050: WildFly Full 23.0.0.Final (WildFly Core 15.0.0.Final) stopped in 133615ms
2025-01-10 18:27:35,207 INFO  [org.jboss.modules] (main) JBoss Modules version 1.11.0.Final
2025-01-10 18:27:35,532 INFO  [org.jboss.msc] (main) JBoss MSC version 1.4.12.Final
2025-01-10 18:27:35,538 INFO  [org.jboss.threads] (main) JBoss Threads version 2.4.0.Final
2025-01-10 18:27:35,604 INFO  [org.jboss.as] (MSC service thread 1-2) WFLYSRV0049: WildFly Full 23.0.0.Final (WildFly Core 15.0.0.Final) starting
2025-01-10 18:27:35,605 DEBUG [org.jboss.as.config] (MSC service thread 1-2) Configured system properties:
	[Standalone] = 
	awt.toolkit = sun.lwawt.macosx.LWCToolkit
	file.encoding = UTF-8
	file.encoding.pkg = sun.io
	file.separator = /
	ftp.nonProxyHosts = local|*.local|169.254/16|*.169.254/16
	gopherProxySet = false
	http.nonProxyHosts = local|*.local|169.254/16|*.169.254/16
	java.awt.graphicsenv = sun.awt.CGraphicsEnvironment
	java.awt.headless = true
	java.awt.printerjob = sun.lwawt.macosx.CPrinterJob
	java.class.path = /Users/sasailin/Desktop/Web_programming/web-lab4/wildfly-23.0.0.Final/jboss-modules.jar
	java.class.version = 52.0
	java.endorsed.dirs = /Library/Java/JavaVirtualMachines/zulu-8.jdk/Contents/Home/jre/lib/endorsed
	java.ext.dirs = /Users/sasailin/Library/Java/Extensions:/Library/Java/JavaVirtualMachines/zulu-8.jdk/Contents/Home/jre/lib/ext:/Library/Java/Extensions:/Network/Library/Java/Extensions:/System/Library/Java/Extensions:/usr/lib/java
	java.home = /Library/Java/JavaVirtualMachines/zulu-8.jdk/Contents/Home/jre
	java.io.tmpdir = /var/folders/jm/yh8d66r9627c7gms8mbw1cmr0000gn/T/
	java.library.path = /Users/sasailin/Library/Java/Extensions:/Library/Java/Extensions:/Network/Library/Java/Extensions:/System/Library/Java/Extensions:/usr/lib/java:.
	java.net.preferIPv4Stack = true
	java.runtime.name = OpenJDK Runtime Environment
	java.runtime.version = 1.8.0_402-b06
	java.specification.maintenance.version = 5
	java.specification.name = Java Platform API Specification
	java.specification.vendor = Oracle Corporation
	java.specification.version = 1.8
	java.util.logging.manager = org.jboss.logmanager.LogManager
	java.vendor = Azul Systems, Inc.
	java.vendor.url = http://www.azul.com/
	java.vendor.url.bug = http://www.azul.com/support/
	java.version = 1.8.0_402
	java.vm.info = mixed mode
	java.vm.name = OpenJDK 64-Bit Server VM
	java.vm.specification.name = Java Virtual Machine Specification
	java.vm.specification.vendor = Oracle Corporation
	java.vm.specification.version = 1.8
	java.vm.vendor = Azul Systems, Inc.
	java.vm.version = 25.402-b06
	javax.management.builder.initial = org.jboss.as.jmx.PluggableMBeanServerBuilder
	jboss.home.dir = /Users/sasailin/Desktop/Web_programming/web-lab4/wildfly-23.0.0.Final
	jboss.host.name = macbook-air-sasa-2
	jboss.modules.dir = /Users/sasailin/Desktop/Web_programming/web-lab4/wildfly-23.0.0.Final/modules
	jboss.modules.system.pkgs = org.jboss.byteman
	jboss.node.name = macbook-air-sasa-2
	jboss.qualified.host.name = macbook-air-sasa-2.local
	jboss.server.base.dir = /Users/sasailin/Desktop/Web_programming/web-lab4/wildfly-23.0.0.Final/standalone
	jboss.server.config.dir = /Users/sasailin/Desktop/Web_programming/web-lab4/wildfly-23.0.0.Final/standalone/configuration
	jboss.server.data.dir = /Users/sasailin/Desktop/Web_programming/web-lab4/wildfly-23.0.0.Final/standalone/data
	jboss.server.deploy.dir = /Users/sasailin/Desktop/Web_programming/web-lab4/wildfly-23.0.0.Final/standalone/data/content
	jboss.server.log.dir = /Users/sasailin/Desktop/Web_programming/web-lab4/wildfly-23.0.0.Final/standalone/log
	jboss.server.name = macbook-air-sasa-2
	jboss.server.persist.config = true
	jboss.server.temp.dir = /Users/sasailin/Desktop/Web_programming/web-lab4/wildfly-23.0.0.Final/standalone/tmp
	jdk.vendor.version = Zulu 8.76.0.17-CA-macos-aarch64
	line.separator = 

	logging.configuration = file:/Users/sasailin/Desktop/Web_programming/web-lab4/wildfly-23.0.0.Final/standalone/configuration/logging.properties
	module.path = /Users/sasailin/Desktop/Web_programming/web-lab4/wildfly-23.0.0.Final/modules
	org.jboss.boot.log.file = /Users/sasailin/Desktop/Web_programming/web-lab4/wildfly-23.0.0.Final/standalone/log/server.log
	org.jboss.resolver.warning = true
	os.arch = aarch64
	os.name = Mac OS X
	os.version = 14.1.1
	path.separator = :
	socksNonProxyHosts = local|*.local|169.254/16|*.169.254/16
	sun.arch.data.model = 64
	sun.boot.class.path = /Library/Java/JavaVirtualMachines/zulu-8.jdk/Contents/Home/jre/lib/resources.jar:/Library/Java/JavaVirtualMachines/zulu-8.jdk/Contents/Home/jre/lib/rt.jar:/Library/Java/JavaVirtualMachines/zulu-8.jdk/Contents/Home/jre/lib/sunrsasign.jar:/Library/Java/JavaVirtualMachines/zulu-8.jdk/Contents/Home/jre/lib/jsse.jar:/Library/Java/JavaVirtualMachines/zulu-8.jdk/Contents/Home/jre/lib/jce.jar:/Library/Java/JavaVirtualMachines/zulu-8.jdk/Contents/Home/jre/lib/charsets.jar:/Library/Java/JavaVirtualMachines/zulu-8.jdk/Contents/Home/jre/lib/jfr.jar:/Library/Java/JavaVirtualMachines/zulu-8.jdk/Contents/Home/jre/lib/cat.jar:/Library/Java/JavaVirtualMachines/zulu-8.jdk/Contents/Home/jre/classes
	sun.boot.library.path = /Library/Java/JavaVirtualMachines/zulu-8.jdk/Contents/Home/jre/lib
	sun.cpu.endian = little
	sun.cpu.isalist = 
	sun.io.unicode.encoding = UnicodeBig
	sun.java.command = /Users/sasailin/Desktop/Web_programming/web-lab4/wildfly-23.0.0.Final/jboss-modules.jar -mp /Users/sasailin/Desktop/Web_programming/web-lab4/wildfly-23.0.0.Final/modules org.jboss.as.standalone -Djboss.home.dir=/Users/sasailin/Desktop/Web_programming/web-lab4/wildfly-23.0.0.Final -Djboss.server.base.dir=/Users/sasailin/Desktop/Web_programming/web-lab4/wildfly-23.0.0.Final/standalone
	sun.java.launcher = SUN_STANDARD
	sun.jnu.encoding = UTF-8
	sun.management.compiler = HotSpot 64-Bit Tiered Compilers
	sun.os.patch.level = unknown
	user.country = RU
	user.dir = /Users/sasailin/Desktop/Web_programming/web-lab4
	user.home = /Users/sasailin
	user.language = ru
	user.name = sasailin
	user.timezone = Europe/Moscow
2025-01-10 18:27:35,605 DEBUG [org.jboss.as.config] (MSC service thread 1-2) VM Arguments: -D[Standalone] -Xms64m -Xmx512m -XX:MetaspaceSize=96M -XX:MaxMetaspaceSize=256m -Djava.net.preferIPv4Stack=true -Djboss.modules.system.pkgs=org.jboss.byteman -Djava.awt.headless=true -Dorg.jboss.boot.log.file=/Users/sasailin/Desktop/Web_programming/web-lab4/wildfly-23.0.0.Final/standalone/log/server.log -Dlogging.configuration=file:/Users/sasailin/Desktop/Web_programming/web-lab4/wildfly-23.0.0.Final/standalone/configuration/logging.properties 
2025-01-10 18:27:36,034 INFO  [org.wildfly.security] (ServerService Thread Pool -- 25) ELY00001: WildFly Elytron version 1.15.1.Final
2025-01-10 18:27:36,191 WARN  [org.jboss.as.controller.management-deprecated] (ServerService Thread Pool -- 11) WFLYCTL0033: Extension 'security' is deprecated and may not be supported in future versions
2025-01-10 18:27:36,326 INFO  [org.jboss.as.controller.management-deprecated] (Controller Boot Thread) WFLYCTL0028: Attribute 'security-realm' in the resource at address '/core-service=management/management-interface=http-interface' is deprecated, and may be removed in a future version. See the attribute description in the output of the read-resource-description operation to learn more about the deprecation.
2025-01-10 18:27:36,339 INFO  [org.jboss.as.controller.management-deprecated] (ServerService Thread Pool -- 32) WFLYCTL0028: Attribute 'security-realm' in the resource at address '/subsystem=undertow/server=default-server/https-listener=https' is deprecated, and may be removed in a future version. See the attribute description in the output of the read-resource-description operation to learn more about the deprecation.
2025-01-10 18:27:36,392 INFO  [org.jboss.as.server] (Controller Boot Thread) WFLYSRV0039: Creating http management service using socket-binding (management-http)
2025-01-10 18:27:36,400 INFO  [org.xnio] (MSC service thread 1-5) XNIO version 3.8.4.Final
2025-01-10 18:27:36,415 INFO  [org.xnio.nio] (MSC service thread 1-5) XNIO NIO Implementation Version 3.8.4.Final
2025-01-10 18:27:36,429 INFO  [org.jboss.as.clustering.infinispan] (ServerService Thread Pool -- 53) WFLYCLINF0001: Activating Infinispan subsystem.
2025-01-10 18:27:36,432 INFO  [org.wildfly.extension.microprofile.config.smallrye._private] (ServerService Thread Pool -- 63) WFLYCONF0001: Activating WildFly MicroProfile Config Subsystem
2025-01-10 18:27:36,433 INFO  [org.wildfly.extension.microprofile.jwt.smallrye._private] (ServerService Thread Pool -- 64) WFLYJWT0001: Activating WildFly MicroProfile JWT Subsystem
2025-01-10 18:27:36,438 INFO  [org.jboss.as.security] (ServerService Thread Pool -- 72) WFLYSEC0002: Activating Security Subsystem
2025-01-10 18:27:36,439 WARN  [org.jboss.as.txn] (ServerService Thread Pool -- 74) WFLYTX0013: The node-identifier attribute on the /subsystem=transactions is set to the default value. This is a danger for environments running multiple servers. Please make sure the attribute value is unique.
2025-01-10 18:27:36,441 INFO  [org.wildfly.extension.io] (ServerService Thread Pool -- 54) WFLYIO001: Worker 'default' has auto-configured to 16 IO threads with 128 max task threads based on your 8 available processors
2025-01-10 18:27:36,442 INFO  [org.wildfly.extension.health] (ServerService Thread Pool -- 52) WFLYHEALTH0001: Activating Base Health Subsystem
2025-01-10 18:27:36,446 INFO  [org.wildfly.extension.metrics] (ServerService Thread Pool -- 62) WFLYMETRICS0001: Activating Base Metrics Subsystem
2025-01-10 18:27:36,448 INFO  [org.jboss.as.jaxrs] (ServerService Thread Pool -- 55) WFLYRS0016: RESTEasy version 3.15.1.Final
2025-01-10 18:27:36,451 INFO  [org.jboss.as.webservices] (ServerService Thread Pool -- 76) WFLYWS0002: Activating WebServices Extension
2025-01-10 18:27:36,454 INFO  [org.jboss.as.naming] (ServerService Thread Pool -- 66) WFLYNAM0001: Activating Naming Subsystem
2025-01-10 18:27:36,461 INFO  [org.jboss.as.security] (MSC service thread 1-6) WFLYSEC0001: Current PicketBox version=5.0.3.Final-redhat-00007
2025-01-10 18:27:36,463 INFO  [org.wildfly.extension.microprofile.opentracing] (ServerService Thread Pool -- 65) WFLYTRACEXT0001: Activating MicroProfile OpenTracing Subsystem
2025-01-10 18:27:36,470 INFO  [org.jboss.as.jsf] (ServerService Thread Pool -- 60) WFLYJSF0007: Activated the following Jakarta Server Faces Implementations: [main]
2025-01-10 18:27:36,480 INFO  [org.jboss.as.connector] (MSC service thread 1-4) WFLYJCA0009: Starting Jakarta Connectors Subsystem (WildFly/IronJacamar 1.4.27.Final)
2025-01-10 18:27:36,484 INFO  [org.wildfly.extension.undertow] (MSC service thread 1-8) WFLYUT0003: Undertow 2.2.5.Final starting
2025-01-10 18:27:36,490 INFO  [org.jboss.as.connector.subsystems.datasources] (ServerService Thread Pool -- 44) WFLYJCA0004: Deploying JDBC-compliant driver class org.h2.Driver (version 1.4)
2025-01-10 18:27:36,498 INFO  [org.jboss.as.connector.deployers.jdbc] (MSC service thread 1-1) WFLYJCA0018: Started Driver service with driver-name = h2
2025-01-10 18:27:36,517 INFO  [org.jboss.as.mail.extension] (MSC service thread 1-1) WFLYMAIL0001: Bound mail session [java:jboss/mail/Default]
2025-01-10 18:27:36,519 INFO  [org.jboss.as.naming] (MSC service thread 1-1) WFLYNAM0003: Starting Naming Service
2025-01-10 18:27:36,534 INFO  [org.jboss.remoting] (MSC service thread 1-7) JBoss Remoting version 5.0.20.Final
2025-01-10 18:27:36,565 WARN  [org.wildfly.extension.elytron] (MSC service thread 1-2) WFLYELY00023: KeyStore file '/Users/sasailin/Desktop/Web_programming/web-lab4/wildfly-23.0.0.Final/standalone/configuration/application.keystore' does not exist. Used blank.
2025-01-10 18:27:36,578 INFO  [org.wildfly.extension.undertow] (ServerService Thread Pool -- 75) WFLYUT0014: Creating file handler for path '/Users/sasailin/Desktop/Web_programming/web-lab4/wildfly-23.0.0.Final/welcome-content' with options [directory-listing: 'false', follow-symlink: 'false', case-sensitive: 'true', safe-symlink-paths: '[]']
2025-01-10 18:27:36,580 WARN  [org.wildfly.extension.elytron] (MSC service thread 1-2) WFLYELY01084: KeyStore /Users/sasailin/Desktop/Web_programming/web-lab4/wildfly-23.0.0.Final/standalone/configuration/application.keystore not found, it will be auto generated on first use with a self-signed certificate for host localhost
2025-01-10 18:27:36,602 INFO  [org.jboss.as.ejb3] (MSC service thread 1-5) WFLYEJB0482: Strict pool mdb-strict-max-pool is using a max instance size of 32 (per class), which is derived from the number of CPUs on this host.
2025-01-10 18:27:36,602 INFO  [org.jboss.as.ejb3] (MSC service thread 1-2) WFLYEJB0481: Strict pool slsb-strict-max-pool is using a max instance size of 128 (per class), which is derived from thread worker pool sizing.
2025-01-10 18:27:36,605 INFO  [org.wildfly.extension.undertow] (MSC service thread 1-3) WFLYUT0012: Started server default-server.
2025-01-10 18:27:36,607 INFO  [org.wildfly.extension.undertow] (MSC service thread 1-5) Queuing requests.
2025-01-10 18:27:36,611 INFO  [org.wildfly.extension.undertow] (MSC service thread 1-5) WFLYUT0018: Host default-host starting
2025-01-10 18:27:36,675 INFO  [org.wildfly.extension.undertow] (MSC service thread 1-3) WFLYUT0006: Undertow HTTP listener default listening on 127.0.0.1:8080
2025-01-10 18:27:36,832 INFO  [org.jboss.as.ejb3] (MSC service thread 1-8) WFLYEJB0493: Jakarta Enterprise Beans subsystem suspension complete
2025-01-10 18:27:36,882 INFO  [org.jboss.as.connector.subsystems.datasources] (MSC service thread 1-3) WFLYJCA0001: Bound data source [java:jboss/datasources/ExampleDS]
2025-01-10 18:27:36,898 INFO  [org.jboss.as.patching] (MSC service thread 1-2) WFLYPAT0050: WildFly Full cumulative patch ID is: base, one-off patches include: none
2025-01-10 18:27:36,909 WARN  [org.jboss.as.domain.management.security] (MSC service thread 1-3) WFLYDM0111: Keystore /Users/sasailin/Desktop/Web_programming/web-lab4/wildfly-23.0.0.Final/standalone/configuration/application.keystore not found, it will be auto generated on first use with a self signed certificate for host localhost
2025-01-10 18:27:36,915 INFO  [org.jboss.as.server.deployment.scanner] (MSC service thread 1-5) WFLYDS0013: Started FileSystemDeploymentService for directory /Users/sasailin/Desktop/Web_programming/web-lab4/wildfly-23.0.0.Final/standalone/deployments
2025-01-10 18:27:36,925 INFO  [org.jboss.as.server.deployment] (MSC service thread 1-8) WFLYSRV0027: Starting deployment of "lab4.war" (runtime-name: "lab4.war")
2025-01-10 18:27:36,936 INFO  [org.wildfly.extension.undertow] (MSC service thread 1-4) WFLYUT0006: Undertow HTTPS listener https listening on 127.0.0.1:8443
2025-01-10 18:27:36,997 INFO  [org.jboss.ws.common.management] (MSC service thread 1-6) JBWS022052: Starting JBossWS 5.4.2.Final (Apache CXF 3.3.9) 
2025-01-10 18:27:38,391 INFO  [org.jboss.as.connector.deployers.jdbc] (MSC service thread 1-2) WFLYJCA0005: Deploying non-JDBC-compliant driver class org.postgresql.Driver (version 42.5)
2025-01-10 18:27:38,392 WARN  [org.jboss.weld.deployer] (MSC service thread 1-2) WFLYWELD0013: Deployment lab4.war contains Jakarta Contexts and Dependency Injection annotations but no bean archive was found (no beans.xml or class with bean defining annotations was present).
2025-01-10 18:27:38,443 INFO  [org.jboss.as.connector.deployers.jdbc] (MSC service thread 1-1) WFLYJCA0018: Started Driver service with driver-name = lab4.war_org.postgresql.Driver_42_5
2025-01-10 18:27:38,568 INFO  [org.infinispan.CONTAINER] (ServerService Thread Pool -- 78) ISPN000128: Infinispan version: Infinispan 'Corona Extra' 11.0.9.Final
2025-01-10 18:27:38,595 INFO  [org.infinispan.CONFIG] (MSC service thread 1-1) ISPN000152: Passivation configured without an eviction policy being selected. Only manually evicted entities will be passivated.
2025-01-10 18:27:38,596 INFO  [org.infinispan.CONFIG] (MSC service thread 1-1) ISPN000152: Passivation configured without an eviction policy being selected. Only manually evicted entities will be passivated.
2025-01-10 18:27:38,651 INFO  [org.infinispan.PERSISTENCE] (ServerService Thread Pool -- 78) ISPN000556: Starting user marshaller 'org.wildfly.clustering.infinispan.spi.marshalling.InfinispanProtoStreamMarshaller'
2025-01-10 18:27:38,762 INFO  [org.jboss.as.clustering.infinispan] (ServerService Thread Pool -- 78) WFLYCLINF0002: Started http-remoting-connector cache from ejb container
2025-01-10 18:27:38,816 INFO  [org.wildfly.extension.undertow] (ServerService Thread Pool -- 79) WFLYUT0021: Registered web context: '/lab4' for server 'default-server'
2025-01-10 18:27:38,856 INFO  [org.jboss.as.server] (Controller Boot Thread) WFLYSRV0010: Deployed "lab4.war" (runtime-name : "lab4.war")
2025-01-10 18:27:38,882 INFO  [org.jboss.as.server] (Controller Boot Thread) WFLYSRV0212: Resuming server
2025-01-10 18:27:38,884 INFO  [org.jboss.as] (Controller Boot Thread) WFLYSRV0025: WildFly Full 23.0.0.Final (WildFly Core 15.0.0.Final) started in 3935ms - Started 421 of 623 services (349 services are lazy, passive or on-demand)
2025-01-10 18:27:38,885 INFO  [org.jboss.as] (Controller Boot Thread) WFLYSRV0060: Http management interface listening on http://127.0.0.1:9990/management
2025-01-10 18:27:38,885 INFO  [org.jboss.as] (Controller Boot Thread) WFLYSRV0051: Admin console listening on http://127.0.0.1:9990
2025-01-10 18:27:46,323 INFO  [org.jboss.as.connector.deployers.jdbc] (MSC service thread 1-1) WFLYJCA0019: Stopped Driver service with driver-name = lab4.war_org.postgresql.Driver_42_5
2025-01-10 18:27:46,325 INFO  [org.wildfly.extension.undertow] (ServerService Thread Pool -- 79) WFLYUT0022: Unregistered web context: '/lab4' from server 'default-server'
2025-01-10 18:27:46,404 INFO  [org.jboss.as.server.deployment] (MSC service thread 1-5) WFLYSRV0028: Stopped deployment lab4.war (runtime-name: lab4.war) in 82ms
2025-01-10 18:27:46,435 INFO  [org.jboss.as.server] (External Management Request Threads -- 1) WFLYSRV0009: Undeployed "lab4.war" (runtime-name: "lab4.war")
2025-01-10 18:27:48,747 INFO  [org.jboss.as.repository] (External Management Request Threads -- 1) WFLYDR0002: Content removed from location /Users/sasailin/Desktop/Web_programming/web-lab4/wildfly-23.0.0.Final/standalone/data/content/55/370bb1254bedb237a20a4e0f119527f7db8ac4/content
2025-01-10 18:27:56,770 INFO  [org.jboss.as.repository] (External Management Request Threads -- 1) WFLYDR0001: Content added at location /Users/sasailin/Desktop/Web_programming/web-lab4/wildfly-23.0.0.Final/standalone/data/content/8d/1e21f1f60c97fb50809fe5957e762f1ce22b9b/content
2025-01-10 18:27:56,772 INFO  [org.jboss.as.server.deployment] (MSC service thread 1-7) WFLYSRV0027: Starting deployment of "lab4.war" (runtime-name: "lab4.war")
2025-01-10 18:27:57,558 INFO  [org.jboss.as.jpa] (MSC service thread 1-5) WFLYJPA0002: Read persistence.xml for default
2025-01-10 18:27:57,670 INFO  [org.jipijapa] (MSC service thread 1-5) JIPIORMV53020253: Second level cache enabled for lab4.war#default
2025-01-10 18:27:57,695 INFO  [org.jboss.weld.deployer] (MSC service thread 1-1) WFLYWELD0003: Processing weld deployment lab4.war
2025-01-10 18:27:57,720 INFO  [org.jboss.as.jpa] (ServerService Thread Pool -- 79) WFLYJPA0010: Starting Persistence Unit (phase 1 of 2) Service 'lab4.war#default'
2025-01-10 18:27:57,735 INFO  [org.hibernate.jpa.internal.util.LogHelper] (ServerService Thread Pool -- 79) HHH000204: Processing PersistenceUnitInfo [
	name: default
	...]
2025-01-10 18:27:57,749 INFO  [org.hibernate.validator.internal.util.Version] (MSC service thread 1-1) HV000001: Hibernate Validator 6.0.22.Final
2025-01-10 18:27:57,786 INFO  [org.hibernate.Version] (ServerService Thread Pool -- 79) HHH000412: Hibernate Core {5.3.20.Final}
2025-01-10 18:27:57,788 INFO  [org.hibernate.cfg.Environment] (ServerService Thread Pool -- 79) HHH000206: hibernate.properties not found
2025-01-10 18:27:57,825 INFO  [org.jboss.as.ejb3.deployment] (MSC service thread 1-1) WFLYEJB0473: JNDI bindings for session bean named 'UserRepository' in deployment unit 'deployment "lab4.war"' are as follows:

	java:global/lab4/UserRepository!lab4.database.UserRepository
	java:app/lab4/UserRepository!lab4.database.UserRepository
	java:module/UserRepository!lab4.database.UserRepository
	java:global/lab4/UserRepository
	java:app/lab4/UserRepository
	java:module/UserRepository

2025-01-10 18:27:57,825 INFO  [org.jboss.as.ejb3.deployment] (MSC service thread 1-1) WFLYEJB0473: JNDI bindings for session bean named 'AuthService' in deployment unit 'deployment "lab4.war"' are as follows:

	java:global/lab4/AuthService!lab4.services.auth.AuthService
	java:app/lab4/AuthService!lab4.services.auth.AuthService
	java:module/AuthService!lab4.services.auth.AuthService
	java:global/lab4/AuthService
	java:app/lab4/AuthService
	java:module/AuthService

2025-01-10 18:27:57,825 INFO  [org.jboss.as.ejb3.deployment] (MSC service thread 1-1) WFLYEJB0473: JNDI bindings for session bean named 'HitService' in deployment unit 'deployment "lab4.war"' are as follows:

	java:global/lab4/HitService!lab4.services.hits.HitService
	java:app/lab4/HitService!lab4.services.hits.HitService
	java:module/HitService!lab4.services.hits.HitService
	java:global/lab4/HitService
	java:app/lab4/HitService
	java:module/HitService

2025-01-10 18:27:57,825 INFO  [org.jboss.as.ejb3.deployment] (MSC service thread 1-1) WFLYEJB0473: JNDI bindings for session bean named 'HitRepository' in deployment unit 'deployment "lab4.war"' are as follows:

	java:global/lab4/HitRepository!lab4.database.HitRepository
	java:app/lab4/HitRepository!lab4.database.HitRepository
	java:module/HitRepository!lab4.database.HitRepository
	java:global/lab4/HitRepository
	java:app/lab4/HitRepository
	java:module/HitRepository

2025-01-10 18:27:57,826 INFO  [org.jboss.as.ejb3.deployment] (MSC service thread 1-1) WFLYEJB0473: JNDI bindings for session bean named 'TokenService' in deployment unit 'deployment "lab4.war"' are as follows:

	java:global/lab4/TokenService!lab4.services.auth.TokenService
	java:app/lab4/TokenService!lab4.services.auth.TokenService
	java:module/TokenService!lab4.services.auth.TokenService
	java:global/lab4/TokenService
	java:app/lab4/TokenService
	java:module/TokenService

2025-01-10 18:27:57,893 INFO  [io.jaegertracing.internal.JaegerTracer] (MSC service thread 1-1) No shutdown hook registered: Please call close() manually on application shutdown.
2025-01-10 18:27:57,908 INFO  [org.hibernate.annotations.common.Version] (ServerService Thread Pool -- 79) HCANN000001: Hibernate Commons Annotations {5.0.5.Final}
2025-01-10 18:27:57,972 INFO  [org.jipijapa] (MSC service thread 1-6) JIPIORMV53020253: Second level cache enabled for lab4.war#default
2025-01-10 18:27:57,998 WARN  [org.jboss.as.jaxrs] (MSC service thread 1-6) WFLYRS0018: Explicit usage of Jackson annotation in a Jakarta RESTful Web Services deployment; the system will disable Jakarta JSON Binding processing for the current deployment. Consider setting the 'resteasy.preferJacksonOverJsonB' property to 'false' to restore Jakarta JSON Binding.
2025-01-10 18:27:58,004 INFO  [org.jboss.as.connector.deployers.jdbc] (MSC service thread 1-6) WFLYJCA0005: Deploying non-JDBC-compliant driver class org.postgresql.Driver (version 42.5)
2025-01-10 18:27:58,021 INFO  [org.jboss.weld.Version] (MSC service thread 1-6) WELD-000900: 3.1.6 (Final)
2025-01-10 18:27:58,042 INFO  [org.jboss.as.connector.deployers.jdbc] (MSC service thread 1-3) WFLYJCA0018: Started Driver service with driver-name = lab4.war_org.postgresql.Driver_42_5
2025-01-10 18:27:58,134 INFO  [org.jboss.as.jpa] (ServerService Thread Pool -- 79) WFLYJPA0010: Starting Persistence Unit (phase 2 of 2) Service 'lab4.war#default'
2025-01-10 18:27:58,253 INFO  [org.hibernate.dialect.Dialect] (ServerService Thread Pool -- 79) HHH000400: Using dialect: org.hibernate.dialect.H2Dialect
2025-01-10 18:27:58,325 INFO  [org.hibernate.envers.boot.internal.EnversServiceImpl] (ServerService Thread Pool -- 79) Envers integration enabled? : true
2025-01-10 18:27:58,964 INFO  [stdout] (ServerService Thread Pool -- 79) Hibernate: 
2025-01-10 18:27:58,964 INFO  [stdout] (ServerService Thread Pool -- 79)     
2025-01-10 18:27:58,965 INFO  [stdout] (ServerService Thread Pool -- 79)     create table Hit (
2025-01-10 18:27:58,965 INFO  [stdout] (ServerService Thread Pool -- 79)        id bigint not null,
2025-01-10 18:27:58,965 INFO  [stdout] (ServerService Thread Pool -- 79)         r integer not null,
2025-01-10 18:27:58,965 INFO  [stdout] (ServerService Thread Pool -- 79)         success boolean not null,
2025-01-10 18:27:58,965 INFO  [stdout] (ServerService Thread Pool -- 79)         x integer not null,
2025-01-10 18:27:58,965 INFO  [stdout] (ServerService Thread Pool -- 79)         y float not null,
2025-01-10 18:27:58,965 INFO  [stdout] (ServerService Thread Pool -- 79)         owner varchar(255),
2025-01-10 18:27:58,965 INFO  [stdout] (ServerService Thread Pool -- 79)         primary key (id)
2025-01-10 18:27:58,965 INFO  [stdout] (ServerService Thread Pool -- 79)     )
2025-01-10 18:27:58,968 INFO  [stdout] (ServerService Thread Pool -- 79) Hibernate: 
2025-01-10 18:27:58,969 INFO  [stdout] (ServerService Thread Pool -- 79)     
2025-01-10 18:27:58,969 INFO  [stdout] (ServerService Thread Pool -- 79)     create table userr (
2025-01-10 18:27:58,969 INFO  [stdout] (ServerService Thread Pool -- 79)        username varchar(255) not null,
2025-01-10 18:27:58,969 INFO  [stdout] (ServerService Thread Pool -- 79)         password varchar(255),
2025-01-10 18:27:58,969 INFO  [stdout] (ServerService Thread Pool -- 79)         primary key (username)
2025-01-10 18:27:58,969 INFO  [stdout] (ServerService Thread Pool -- 79)     )
2025-01-10 18:27:58,971 INFO  [stdout] (ServerService Thread Pool -- 79) Hibernate: create sequence hibernate_sequence start with 1 increment by 1
2025-01-10 18:27:58,972 INFO  [stdout] (ServerService Thread Pool -- 79) Hibernate: 
2025-01-10 18:27:58,972 INFO  [stdout] (ServerService Thread Pool -- 79)     
2025-01-10 18:27:58,972 INFO  [stdout] (ServerService Thread Pool -- 79)     alter table Hit 
2025-01-10 18:27:58,972 INFO  [stdout] (ServerService Thread Pool -- 79)        add constraint FKpd3d1kd9w3c0vs8it9um0jw4a 
2025-01-10 18:27:58,972 INFO  [stdout] (ServerService Thread Pool -- 79)        foreign key (owner) 
2025-01-10 18:27:58,972 INFO  [stdout] (ServerService Thread Pool -- 79)        references userr
2025-01-10 18:27:59,512 INFO  [org.jboss.resteasy.resteasy_jaxrs.i18n] (ServerService Thread Pool -- 82) RESTEASY002225: Deploying javax.ws.rs.core.Application: class lab4.rest.RestApplication
2025-01-10 18:27:59,564 INFO  [org.wildfly.extension.undertow] (ServerService Thread Pool -- 82) WFLYUT0021: Registered web context: '/lab4' for server 'default-server'
2025-01-10 18:27:59,599 INFO  [org.jboss.as.server] (External Management Request Threads -- 1) WFLYSRV0010: Deployed "lab4.war" (runtime-name : "lab4.war")
2025-01-10 18:31:02,327 INFO  [org.jboss.as.server] (Thread-2) WFLYSRV0272: Suspending server
2025-01-10 18:31:02,334 INFO  [org.jboss.as.ejb3] (Thread-2) WFLYEJB0493: Jakarta Enterprise Beans subsystem suspension complete
2025-01-10 18:31:02,337 INFO  [org.jboss.as.server] (Thread-2) WFLYSRV0220: Server shutdown has been requested via an OS signal
2025-01-10 18:31:02,342 INFO  [org.jboss.as.connector.deployers.jdbc] (MSC service thread 1-7) WFLYJCA0019: Stopped Driver service with driver-name = lab4.war_org.postgresql.Driver_42_5
2025-01-10 18:31:02,347 INFO  [org.wildfly.extension.undertow] (ServerService Thread Pool -- 82) WFLYUT0022: Unregistered web context: '/lab4' from server 'default-server'
2025-01-10 18:31:02,359 INFO  [org.jboss.as.mail.extension] (MSC service thread 1-4) WFLYMAIL0002: Unbound mail session [java:jboss/mail/Default]
2025-01-10 18:31:02,365 INFO  [org.wildfly.extension.undertow] (MSC service thread 1-7) WFLYUT0019: Host default-host stopping
2025-01-10 18:31:02,407 INFO  [org.jboss.as.jpa] (ServerService Thread Pool -- 91) WFLYJPA0011: Stopping Persistence Unit (phase 2 of 2) Service 'lab4.war#default'
2025-01-10 18:31:02,446 INFO  [org.jboss.as.clustering.infinispan] (ServerService Thread Pool -- 90) WFLYCLINF0003: Stopped http-remoting-connector cache from ejb container
2025-01-10 18:33:38,944 INFO  [org.jboss.modules] (main) JBoss Modules version 1.11.0.Final
2025-01-10 18:33:39,256 INFO  [org.jboss.msc] (main) JBoss MSC version 1.4.12.Final
2025-01-10 18:33:39,264 INFO  [org.jboss.threads] (main) JBoss Threads version 2.4.0.Final
2025-01-10 18:33:39,329 INFO  [org.jboss.as] (MSC service thread 1-2) WFLYSRV0049: WildFly Full 23.0.0.Final (WildFly Core 15.0.0.Final) starting
2025-01-10 18:33:39,330 DEBUG [org.jboss.as.config] (MSC service thread 1-2) Configured system properties:
	[Standalone] = 
	awt.toolkit = sun.lwawt.macosx.LWCToolkit
	file.encoding = UTF-8
	file.encoding.pkg = sun.io
	file.separator = /
	ftp.nonProxyHosts = local|*.local|169.254/16|*.169.254/16
	gopherProxySet = false
	http.nonProxyHosts = local|*.local|169.254/16|*.169.254/16
	java.awt.graphicsenv = sun.awt.CGraphicsEnvironment
	java.awt.headless = true
	java.awt.printerjob = sun.lwawt.macosx.CPrinterJob
	java.class.path = /Users/sasailin/Desktop/Web_programming/web-lab4/wildfly-23.0.0.Final/jboss-modules.jar
	java.class.version = 52.0
	java.endorsed.dirs = /Library/Java/JavaVirtualMachines/zulu-8.jdk/Contents/Home/jre/lib/endorsed
	java.ext.dirs = /Users/sasailin/Library/Java/Extensions:/Library/Java/JavaVirtualMachines/zulu-8.jdk/Contents/Home/jre/lib/ext:/Library/Java/Extensions:/Network/Library/Java/Extensions:/System/Library/Java/Extensions:/usr/lib/java
	java.home = /Library/Java/JavaVirtualMachines/zulu-8.jdk/Contents/Home/jre
	java.io.tmpdir = /var/folders/jm/yh8d66r9627c7gms8mbw1cmr0000gn/T/
	java.library.path = /Users/sasailin/Library/Java/Extensions:/Library/Java/Extensions:/Network/Library/Java/Extensions:/System/Library/Java/Extensions:/usr/lib/java:.
	java.net.preferIPv4Stack = true
	java.runtime.name = OpenJDK Runtime Environment
	java.runtime.version = 1.8.0_402-b06
	java.specification.maintenance.version = 5
	java.specification.name = Java Platform API Specification
	java.specification.vendor = Oracle Corporation
	java.specification.version = 1.8
	java.util.logging.manager = org.jboss.logmanager.LogManager
	java.vendor = Azul Systems, Inc.
	java.vendor.url = http://www.azul.com/
	java.vendor.url.bug = http://www.azul.com/support/
	java.version = 1.8.0_402
	java.vm.info = mixed mode
	java.vm.name = OpenJDK 64-Bit Server VM
	java.vm.specification.name = Java Virtual Machine Specification
	java.vm.specification.vendor = Oracle Corporation
	java.vm.specification.version = 1.8
	java.vm.vendor = Azul Systems, Inc.
	java.vm.version = 25.402-b06
	javax.management.builder.initial = org.jboss.as.jmx.PluggableMBeanServerBuilder
	jboss.home.dir = /Users/sasailin/Desktop/Web_programming/web-lab4/wildfly-23.0.0.Final
	jboss.host.name = macbook-air-sasa-2
	jboss.modules.dir = /Users/sasailin/Desktop/Web_programming/web-lab4/wildfly-23.0.0.Final/modules
	jboss.modules.system.pkgs = org.jboss.byteman
	jboss.node.name = macbook-air-sasa-2
	jboss.qualified.host.name = macbook-air-sasa-2.local
	jboss.server.base.dir = /Users/sasailin/Desktop/Web_programming/web-lab4/wildfly-23.0.0.Final/standalone
	jboss.server.config.dir = /Users/sasailin/Desktop/Web_programming/web-lab4/wildfly-23.0.0.Final/standalone/configuration
	jboss.server.data.dir = /Users/sasailin/Desktop/Web_programming/web-lab4/wildfly-23.0.0.Final/standalone/data
	jboss.server.deploy.dir = /Users/sasailin/Desktop/Web_programming/web-lab4/wildfly-23.0.0.Final/standalone/data/content
	jboss.server.log.dir = /Users/sasailin/Desktop/Web_programming/web-lab4/wildfly-23.0.0.Final/standalone/log
	jboss.server.name = macbook-air-sasa-2
	jboss.server.persist.config = true
	jboss.server.temp.dir = /Users/sasailin/Desktop/Web_programming/web-lab4/wildfly-23.0.0.Final/standalone/tmp
	jdk.vendor.version = Zulu 8.76.0.17-CA-macos-aarch64
	line.separator = 

	logging.configuration = file:/Users/sasailin/Desktop/Web_programming/web-lab4/wildfly-23.0.0.Final/standalone/configuration/logging.properties
	module.path = /Users/sasailin/Desktop/Web_programming/web-lab4/wildfly-23.0.0.Final/modules
	org.jboss.boot.log.file = /Users/sasailin/Desktop/Web_programming/web-lab4/wildfly-23.0.0.Final/standalone/log/server.log
	org.jboss.resolver.warning = true
	os.arch = aarch64
	os.name = Mac OS X
	os.version = 14.1.1
	path.separator = :
	socksNonProxyHosts = local|*.local|169.254/16|*.169.254/16
	sun.arch.data.model = 64
	sun.boot.class.path = /Library/Java/JavaVirtualMachines/zulu-8.jdk/Contents/Home/jre/lib/resources.jar:/Library/Java/JavaVirtualMachines/zulu-8.jdk/Contents/Home/jre/lib/rt.jar:/Library/Java/JavaVirtualMachines/zulu-8.jdk/Contents/Home/jre/lib/sunrsasign.jar:/Library/Java/JavaVirtualMachines/zulu-8.jdk/Contents/Home/jre/lib/jsse.jar:/Library/Java/JavaVirtualMachines/zulu-8.jdk/Contents/Home/jre/lib/jce.jar:/Library/Java/JavaVirtualMachines/zulu-8.jdk/Contents/Home/jre/lib/charsets.jar:/Library/Java/JavaVirtualMachines/zulu-8.jdk/Contents/Home/jre/lib/jfr.jar:/Library/Java/JavaVirtualMachines/zulu-8.jdk/Contents/Home/jre/lib/cat.jar:/Library/Java/JavaVirtualMachines/zulu-8.jdk/Contents/Home/jre/classes
	sun.boot.library.path = /Library/Java/JavaVirtualMachines/zulu-8.jdk/Contents/Home/jre/lib
	sun.cpu.endian = little
	sun.cpu.isalist = 
	sun.io.unicode.encoding = UnicodeBig
	sun.java.command = /Users/sasailin/Desktop/Web_programming/web-lab4/wildfly-23.0.0.Final/jboss-modules.jar -mp /Users/sasailin/Desktop/Web_programming/web-lab4/wildfly-23.0.0.Final/modules org.jboss.as.standalone -Djboss.home.dir=/Users/sasailin/Desktop/Web_programming/web-lab4/wildfly-23.0.0.Final -Djboss.server.base.dir=/Users/sasailin/Desktop/Web_programming/web-lab4/wildfly-23.0.0.Final/standalone
	sun.java.launcher = SUN_STANDARD
	sun.jnu.encoding = UTF-8
	sun.management.compiler = HotSpot 64-Bit Tiered Compilers
	sun.os.patch.level = unknown
	user.country = RU
	user.dir = /Users/sasailin/Desktop/Web_programming/web-lab4
	user.home = /Users/sasailin
	user.language = ru
	user.name = sasailin
	user.timezone = Europe/Moscow
2025-01-10 18:33:39,331 DEBUG [org.jboss.as.config] (MSC service thread 1-2) VM Arguments: -D[Standalone] -Xms64m -Xmx512m -XX:MetaspaceSize=96M -XX:MaxMetaspaceSize=256m -Djava.net.preferIPv4Stack=true -Djboss.modules.system.pkgs=org.jboss.byteman -Djava.awt.headless=true -Dorg.jboss.boot.log.file=/Users/sasailin/Desktop/Web_programming/web-lab4/wildfly-23.0.0.Final/standalone/log/server.log -Dlogging.configuration=file:/Users/sasailin/Desktop/Web_programming/web-lab4/wildfly-23.0.0.Final/standalone/configuration/logging.properties 
2025-01-10 18:33:39,738 INFO  [org.wildfly.security] (ServerService Thread Pool -- 28) ELY00001: WildFly Elytron version 1.15.1.Final
2025-01-10 18:33:39,900 WARN  [org.jboss.as.controller.management-deprecated] (ServerService Thread Pool -- 13) WFLYCTL0033: Extension 'security' is deprecated and may not be supported in future versions
2025-01-10 18:33:40,023 INFO  [org.jboss.as.controller.management-deprecated] (Controller Boot Thread) WFLYCTL0028: Attribute 'security-realm' in the resource at address '/core-service=management/management-interface=http-interface' is deprecated, and may be removed in a future version. See the attribute description in the output of the read-resource-description operation to learn more about the deprecation.
2025-01-10 18:33:40,040 INFO  [org.jboss.as.controller.management-deprecated] (ServerService Thread Pool -- 33) WFLYCTL0028: Attribute 'security-realm' in the resource at address '/subsystem=undertow/server=default-server/https-listener=https' is deprecated, and may be removed in a future version. See the attribute description in the output of the read-resource-description operation to learn more about the deprecation.
2025-01-10 18:33:40,092 INFO  [org.jboss.as.server] (Controller Boot Thread) WFLYSRV0039: Creating http management service using socket-binding (management-http)
2025-01-10 18:33:40,100 INFO  [org.xnio] (MSC service thread 1-8) XNIO version 3.8.4.Final
2025-01-10 18:33:40,115 INFO  [org.xnio.nio] (MSC service thread 1-8) XNIO NIO Implementation Version 3.8.4.Final
2025-01-10 18:33:40,129 INFO  [org.jboss.as.clustering.infinispan] (ServerService Thread Pool -- 53) WFLYCLINF0001: Activating Infinispan subsystem.
2025-01-10 18:33:40,132 WARN  [org.jboss.as.txn] (ServerService Thread Pool -- 74) WFLYTX0013: The node-identifier attribute on the /subsystem=transactions is set to the default value. This is a danger for environments running multiple servers. Please make sure the attribute value is unique.
2025-01-10 18:33:40,134 INFO  [org.jboss.as.jsf] (ServerService Thread Pool -- 60) WFLYJSF0007: Activated the following Jakarta Server Faces Implementations: [main]
2025-01-10 18:33:40,138 INFO  [org.wildfly.extension.metrics] (ServerService Thread Pool -- 62) WFLYMETRICS0001: Activating Base Metrics Subsystem
2025-01-10 18:33:40,141 INFO  [org.wildfly.extension.health] (ServerService Thread Pool -- 52) WFLYHEALTH0001: Activating Base Health Subsystem
2025-01-10 18:33:40,144 INFO  [org.wildfly.extension.microprofile.config.smallrye._private] (ServerService Thread Pool -- 63) WFLYCONF0001: Activating WildFly MicroProfile Config Subsystem
2025-01-10 18:33:40,144 INFO  [org.jboss.as.jaxrs] (ServerService Thread Pool -- 55) WFLYRS0016: RESTEasy version 3.15.1.Final
2025-01-10 18:33:40,145 INFO  [org.jboss.as.naming] (ServerService Thread Pool -- 66) WFLYNAM0001: Activating Naming Subsystem
2025-01-10 18:33:40,145 INFO  [org.wildfly.extension.microprofile.jwt.smallrye._private] (ServerService Thread Pool -- 64) WFLYJWT0001: Activating WildFly MicroProfile JWT Subsystem
2025-01-10 18:33:40,148 INFO  [org.wildfly.extension.microprofile.opentracing] (ServerService Thread Pool -- 65) WFLYTRACEXT0001: Activating MicroProfile OpenTracing Subsystem
2025-01-10 18:33:40,151 INFO  [org.jboss.as.security] (ServerService Thread Pool -- 72) WFLYSEC0002: Activating Security Subsystem
2025-01-10 18:33:40,153 INFO  [org.jboss.as.webservices] (ServerService Thread Pool -- 76) WFLYWS0002: Activating WebServices Extension
2025-01-10 18:33:40,156 INFO  [org.wildfly.extension.io] (ServerService Thread Pool -- 54) WFLYIO001: Worker 'default' has auto-configured to 16 IO threads with 128 max task threads based on your 8 available processors
2025-01-10 18:33:40,167 INFO  [org.wildfly.extension.undertow] (MSC service thread 1-7) WFLYUT0003: Undertow 2.2.5.Final starting
2025-01-10 18:33:40,167 INFO  [org.jboss.as.security] (MSC service thread 1-1) WFLYSEC0001: Current PicketBox version=5.0.3.Final-redhat-00007
2025-01-10 18:33:40,172 INFO  [org.jboss.as.connector] (MSC service thread 1-3) WFLYJCA0009: Starting Jakarta Connectors Subsystem (WildFly/IronJacamar 1.4.27.Final)
2025-01-10 18:33:40,248 INFO  [org.jboss.as.connector.subsystems.datasources] (ServerService Thread Pool -- 44) WFLYJCA0004: Deploying JDBC-compliant driver class org.h2.Driver (version 1.4)
2025-01-10 18:33:40,252 INFO  [org.jboss.as.connector.deployers.jdbc] (MSC service thread 1-7) WFLYJCA0018: Started Driver service with driver-name = h2
2025-01-10 18:33:40,263 INFO  [org.jboss.as.naming] (MSC service thread 1-5) WFLYNAM0003: Starting Naming Service
2025-01-10 18:33:40,264 INFO  [org.jboss.as.mail.extension] (MSC service thread 1-3) WFLYMAIL0001: Bound mail session [java:jboss/mail/Default]
2025-01-10 18:33:40,274 INFO  [org.jboss.remoting] (MSC service thread 1-2) JBoss Remoting version 5.0.20.Final
2025-01-10 18:33:40,312 WARN  [org.wildfly.extension.elytron] (MSC service thread 1-3) WFLYELY00023: KeyStore file '/Users/sasailin/Desktop/Web_programming/web-lab4/wildfly-23.0.0.Final/standalone/configuration/application.keystore' does not exist. Used blank.
2025-01-10 18:33:40,332 WARN  [org.wildfly.extension.elytron] (MSC service thread 1-7) WFLYELY01084: KeyStore /Users/sasailin/Desktop/Web_programming/web-lab4/wildfly-23.0.0.Final/standalone/configuration/application.keystore not found, it will be auto generated on first use with a self-signed certificate for host localhost
2025-01-10 18:33:40,339 INFO  [org.wildfly.extension.undertow] (ServerService Thread Pool -- 75) WFLYUT0014: Creating file handler for path '/Users/sasailin/Desktop/Web_programming/web-lab4/wildfly-23.0.0.Final/welcome-content' with options [directory-listing: 'false', follow-symlink: 'false', case-sensitive: 'true', safe-symlink-paths: '[]']
2025-01-10 18:33:40,351 INFO  [org.jboss.as.ejb3] (MSC service thread 1-8) WFLYEJB0481: Strict pool slsb-strict-max-pool is using a max instance size of 128 (per class), which is derived from thread worker pool sizing.
2025-01-10 18:33:40,351 INFO  [org.jboss.as.ejb3] (MSC service thread 1-3) WFLYEJB0482: Strict pool mdb-strict-max-pool is using a max instance size of 32 (per class), which is derived from the number of CPUs on this host.
2025-01-10 18:33:40,361 INFO  [org.wildfly.extension.undertow] (MSC service thread 1-8) WFLYUT0012: Started server default-server.
2025-01-10 18:33:40,362 INFO  [org.wildfly.extension.undertow] (MSC service thread 1-3) Queuing requests.
2025-01-10 18:33:40,362 INFO  [org.wildfly.extension.undertow] (MSC service thread 1-3) WFLYUT0018: Host default-host starting
2025-01-10 18:33:40,424 INFO  [org.wildfly.extension.undertow] (MSC service thread 1-8) WFLYUT0006: Undertow HTTP listener default listening on 127.0.0.1:8080
2025-01-10 18:33:40,466 INFO  [org.jboss.as.ejb3] (MSC service thread 1-2) WFLYEJB0493: Jakarta Enterprise Beans subsystem suspension complete
2025-01-10 18:33:40,502 INFO  [org.jboss.as.connector.subsystems.datasources] (MSC service thread 1-3) WFLYJCA0001: Bound data source [java:jboss/datasources/ExampleDS]
2025-01-10 18:33:40,517 INFO  [org.jboss.as.patching] (MSC service thread 1-6) WFLYPAT0050: WildFly Full cumulative patch ID is: base, one-off patches include: none
2025-01-10 18:33:40,530 WARN  [org.jboss.as.domain.management.security] (MSC service thread 1-5) WFLYDM0111: Keystore /Users/sasailin/Desktop/Web_programming/web-lab4/wildfly-23.0.0.Final/standalone/configuration/application.keystore not found, it will be auto generated on first use with a self signed certificate for host localhost
2025-01-10 18:33:40,535 INFO  [org.jboss.as.server.deployment.scanner] (MSC service thread 1-7) WFLYDS0013: Started FileSystemDeploymentService for directory /Users/sasailin/Desktop/Web_programming/web-lab4/wildfly-23.0.0.Final/standalone/deployments
2025-01-10 18:33:40,545 INFO  [org.jboss.as.server.deployment] (MSC service thread 1-1) WFLYSRV0027: Starting deployment of "lab4.war" (runtime-name: "lab4.war")
2025-01-10 18:33:40,553 INFO  [org.wildfly.extension.undertow] (MSC service thread 1-3) WFLYUT0006: Undertow HTTPS listener https listening on 127.0.0.1:8443
2025-01-10 18:33:40,632 INFO  [org.jboss.ws.common.management] (MSC service thread 1-6) JBWS022052: Starting JBossWS 5.4.2.Final (Apache CXF 3.3.9) 
2025-01-10 18:33:41,821 INFO  [org.jboss.as.jpa] (MSC service thread 1-5) WFLYJPA0002: Read persistence.xml for default
2025-01-10 18:33:41,959 INFO  [org.jipijapa] (MSC service thread 1-7) JIPIORMV53020253: Second level cache enabled for lab4.war#default
2025-01-10 18:33:42,043 INFO  [org.jboss.weld.deployer] (MSC service thread 1-6) WFLYWELD0003: Processing weld deployment lab4.war
2025-01-10 18:33:42,117 INFO  [org.hibernate.validator.internal.util.Version] (MSC service thread 1-6) HV000001: Hibernate Validator 6.0.22.Final
2025-01-10 18:33:42,203 INFO  [org.jboss.as.ejb3.deployment] (MSC service thread 1-6) WFLYEJB0473: JNDI bindings for session bean named 'UserRepository' in deployment unit 'deployment "lab4.war"' are as follows:

	java:global/lab4/UserRepository!lab4.database.UserRepository
	java:app/lab4/UserRepository!lab4.database.UserRepository
	java:module/UserRepository!lab4.database.UserRepository
	java:global/lab4/UserRepository
	java:app/lab4/UserRepository
	java:module/UserRepository

2025-01-10 18:33:42,203 INFO  [org.jboss.as.ejb3.deployment] (MSC service thread 1-6) WFLYEJB0473: JNDI bindings for session bean named 'AuthService' in deployment unit 'deployment "lab4.war"' are as follows:

	java:global/lab4/AuthService!lab4.services.auth.AuthService
	java:app/lab4/AuthService!lab4.services.auth.AuthService
	java:module/AuthService!lab4.services.auth.AuthService
	java:global/lab4/AuthService
	java:app/lab4/AuthService
	java:module/AuthService

2025-01-10 18:33:42,203 INFO  [org.jboss.as.ejb3.deployment] (MSC service thread 1-6) WFLYEJB0473: JNDI bindings for session bean named 'HitService' in deployment unit 'deployment "lab4.war"' are as follows:

	java:global/lab4/HitService!lab4.services.hits.HitService
	java:app/lab4/HitService!lab4.services.hits.HitService
	java:module/HitService!lab4.services.hits.HitService
	java:global/lab4/HitService
	java:app/lab4/HitService
	java:module/HitService

2025-01-10 18:33:42,203 INFO  [org.jboss.as.ejb3.deployment] (MSC service thread 1-6) WFLYEJB0473: JNDI bindings for session bean named 'HitRepository' in deployment unit 'deployment "lab4.war"' are as follows:

	java:global/lab4/HitRepository!lab4.database.HitRepository
	java:app/lab4/HitRepository!lab4.database.HitRepository
	java:module/HitRepository!lab4.database.HitRepository
	java:global/lab4/HitRepository
	java:app/lab4/HitRepository
	java:module/HitRepository

2025-01-10 18:33:42,205 INFO  [org.jboss.as.ejb3.deployment] (MSC service thread 1-6) WFLYEJB0473: JNDI bindings for session bean named 'TokenService' in deployment unit 'deployment "lab4.war"' are as follows:

	java:global/lab4/TokenService!lab4.services.auth.TokenService
	java:app/lab4/TokenService!lab4.services.auth.TokenService
	java:module/TokenService!lab4.services.auth.TokenService
	java:global/lab4/TokenService
	java:app/lab4/TokenService
	java:module/TokenService

2025-01-10 18:33:42,311 INFO  [org.infinispan.CONTAINER] (ServerService Thread Pool -- 79) ISPN000128: Infinispan version: Infinispan 'Corona Extra' 11.0.9.Final
2025-01-10 18:33:42,330 INFO  [io.jaegertracing.internal.JaegerTracer] (MSC service thread 1-6) No shutdown hook registered: Please call close() manually on application shutdown.
2025-01-10 18:33:42,338 INFO  [org.jboss.as.jpa] (ServerService Thread Pool -- 78) WFLYJPA0010: Starting Persistence Unit (phase 1 of 2) Service 'lab4.war#default'
2025-01-10 18:33:42,345 INFO  [org.infinispan.CONFIG] (MSC service thread 1-2) ISPN000152: Passivation configured without an eviction policy being selected. Only manually evicted entities will be passivated.
2025-01-10 18:33:42,346 INFO  [org.infinispan.CONFIG] (MSC service thread 1-2) ISPN000152: Passivation configured without an eviction policy being selected. Only manually evicted entities will be passivated.
2025-01-10 18:33:42,358 INFO  [org.hibernate.jpa.internal.util.LogHelper] (ServerService Thread Pool -- 78) HHH000204: Processing PersistenceUnitInfo [
	name: default
	...]
2025-01-10 18:33:42,425 INFO  [org.jipijapa] (MSC service thread 1-7) JIPIORMV53020253: Second level cache enabled for lab4.war#default
2025-01-10 18:33:42,427 INFO  [org.hibernate.Version] (ServerService Thread Pool -- 78) HHH000412: Hibernate Core {5.3.20.Final}
2025-01-10 18:33:42,428 INFO  [org.hibernate.cfg.Environment] (ServerService Thread Pool -- 78) HHH000206: hibernate.properties not found
2025-01-10 18:33:42,437 INFO  [org.infinispan.PERSISTENCE] (ServerService Thread Pool -- 79) ISPN000556: Starting user marshaller 'org.wildfly.clustering.infinispan.spi.marshalling.InfinispanProtoStreamMarshaller'
2025-01-10 18:33:42,458 WARN  [org.jboss.as.jaxrs] (MSC service thread 1-7) WFLYRS0018: Explicit usage of Jackson annotation in a Jakarta RESTful Web Services deployment; the system will disable Jakarta JSON Binding processing for the current deployment. Consider setting the 'resteasy.preferJacksonOverJsonB' property to 'false' to restore Jakarta JSON Binding.
2025-01-10 18:33:42,462 INFO  [org.jboss.as.connector.deployers.jdbc] (MSC service thread 1-7) WFLYJCA0005: Deploying non-JDBC-compliant driver class org.postgresql.Driver (version 42.5)
2025-01-10 18:33:42,480 INFO  [org.jboss.weld.Version] (MSC service thread 1-7) WELD-000900: 3.1.6 (Final)
2025-01-10 18:33:42,528 INFO  [org.jboss.as.connector.deployers.jdbc] (MSC service thread 1-2) WFLYJCA0018: Started Driver service with driver-name = lab4.war_org.postgresql.Driver_42_5
2025-01-10 18:33:42,557 INFO  [org.hibernate.annotations.common.Version] (ServerService Thread Pool -- 78) HCANN000001: Hibernate Commons Annotations {5.0.5.Final}
2025-01-10 18:33:42,585 INFO  [org.jboss.as.clustering.infinispan] (ServerService Thread Pool -- 79) WFLYCLINF0002: Started http-remoting-connector cache from ejb container
2025-01-10 18:33:42,634 INFO  [org.jboss.as.jpa] (ServerService Thread Pool -- 78) WFLYJPA0010: Starting Persistence Unit (phase 2 of 2) Service 'lab4.war#default'
2025-01-10 18:33:42,756 INFO  [org.hibernate.dialect.Dialect] (ServerService Thread Pool -- 78) HHH000400: Using dialect: org.hibernate.dialect.H2Dialect
2025-01-10 18:33:42,823 INFO  [org.hibernate.envers.boot.internal.EnversServiceImpl] (ServerService Thread Pool -- 78) Envers integration enabled? : true
2025-01-10 18:33:43,500 INFO  [stdout] (ServerService Thread Pool -- 78) Hibernate: 
2025-01-10 18:33:43,500 INFO  [stdout] (ServerService Thread Pool -- 78)     
2025-01-10 18:33:43,500 INFO  [stdout] (ServerService Thread Pool -- 78)     create table Hit (
2025-01-10 18:33:43,500 INFO  [stdout] (ServerService Thread Pool -- 78)        id bigint not null,
2025-01-10 18:33:43,500 INFO  [stdout] (ServerService Thread Pool -- 78)         r integer not null,
2025-01-10 18:33:43,500 INFO  [stdout] (ServerService Thread Pool -- 78)         success boolean not null,
2025-01-10 18:33:43,500 INFO  [stdout] (ServerService Thread Pool -- 78)         x integer not null,
2025-01-10 18:33:43,500 INFO  [stdout] (ServerService Thread Pool -- 78)         y float not null,
2025-01-10 18:33:43,500 INFO  [stdout] (ServerService Thread Pool -- 78)         owner varchar(255),
2025-01-10 18:33:43,500 INFO  [stdout] (ServerService Thread Pool -- 78)         primary key (id)
2025-01-10 18:33:43,500 INFO  [stdout] (ServerService Thread Pool -- 78)     )
2025-01-10 18:33:43,504 INFO  [stdout] (ServerService Thread Pool -- 78) Hibernate: 
2025-01-10 18:33:43,504 INFO  [stdout] (ServerService Thread Pool -- 78)     
2025-01-10 18:33:43,504 INFO  [stdout] (ServerService Thread Pool -- 78)     create table userr (
2025-01-10 18:33:43,504 INFO  [stdout] (ServerService Thread Pool -- 78)        username varchar(255) not null,
2025-01-10 18:33:43,504 INFO  [stdout] (ServerService Thread Pool -- 78)         password varchar(255),
2025-01-10 18:33:43,504 INFO  [stdout] (ServerService Thread Pool -- 78)         primary key (username)
2025-01-10 18:33:43,504 INFO  [stdout] (ServerService Thread Pool -- 78)     )
2025-01-10 18:33:43,507 INFO  [stdout] (ServerService Thread Pool -- 78) Hibernate: create sequence hibernate_sequence start with 1 increment by 1
2025-01-10 18:33:43,507 INFO  [stdout] (ServerService Thread Pool -- 78) Hibernate: 
2025-01-10 18:33:43,508 INFO  [stdout] (ServerService Thread Pool -- 78)     
2025-01-10 18:33:43,508 INFO  [stdout] (ServerService Thread Pool -- 78)     alter table Hit 
2025-01-10 18:33:43,508 INFO  [stdout] (ServerService Thread Pool -- 78)        add constraint FKpd3d1kd9w3c0vs8it9um0jw4a 
2025-01-10 18:33:43,508 INFO  [stdout] (ServerService Thread Pool -- 78)        foreign key (owner) 
2025-01-10 18:33:43,508 INFO  [stdout] (ServerService Thread Pool -- 78)        references userr
2025-01-10 18:33:44,083 INFO  [org.jboss.resteasy.resteasy_jaxrs.i18n] (ServerService Thread Pool -- 82) RESTEASY002225: Deploying javax.ws.rs.core.Application: class lab4.rest.RestApplication
2025-01-10 18:33:44,133 INFO  [org.wildfly.extension.undertow] (ServerService Thread Pool -- 82) WFLYUT0021: Registered web context: '/lab4' for server 'default-server'
2025-01-10 18:33:44,176 INFO  [org.jboss.as.server] (Controller Boot Thread) WFLYSRV0010: Deployed "lab4.war" (runtime-name : "lab4.war")
2025-01-10 18:33:44,203 INFO  [org.jboss.as.server] (Controller Boot Thread) WFLYSRV0212: Resuming server
2025-01-10 18:33:44,205 INFO  [org.jboss.as] (Controller Boot Thread) WFLYSRV0025: WildFly Full 23.0.0.Final (WildFly Core 15.0.0.Final) started in 5538ms - Started 554 of 735 services (349 services are lazy, passive or on-demand)
2025-01-10 18:33:44,207 INFO  [org.jboss.as] (Controller Boot Thread) WFLYSRV0060: Http management interface listening on http://127.0.0.1:9990/management
2025-01-10 18:33:44,207 INFO  [org.jboss.as] (Controller Boot Thread) WFLYSRV0051: Admin console listening on http://127.0.0.1:9990
2025-01-10 18:33:51,395 INFO  [org.jboss.as.connector.deployers.jdbc] (MSC service thread 1-7) WFLYJCA0019: Stopped Driver service with driver-name = lab4.war_org.postgresql.Driver_42_5
2025-01-10 18:33:51,399 INFO  [org.wildfly.extension.undertow] (ServerService Thread Pool -- 82) WFLYUT0022: Unregistered web context: '/lab4' from server 'default-server'
2025-01-10 18:33:51,454 INFO  [org.jboss.as.jpa] (ServerService Thread Pool -- 11) WFLYJPA0011: Stopping Persistence Unit (phase 2 of 2) Service 'lab4.war#default'
2025-01-10 18:33:51,455 INFO  [org.hibernate.orm.beans] (ServerService Thread Pool -- 11) HHH10005004: Stopping BeanContainer : org.hibernate.resource.beans.container.internal.CdiBeanContainerExtendedAccessImpl@3958ee89
2025-01-10 18:33:51,458 INFO  [org.jboss.as.jpa] (ServerService Thread Pool -- 11) WFLYJPA0011: Stopping Persistence Unit (phase 1 of 2) Service 'lab4.war#default'
2025-01-10 18:33:51,488 INFO  [org.infinispan.manager.DefaultCacheManager] (ServerService Thread Pool -- 11) Stopping cache manager null on null
2025-01-10 18:33:51,504 INFO  [org.jboss.as.server.deployment] (MSC service thread 1-1) WFLYSRV0028: Stopped deployment lab4.war (runtime-name: lab4.war) in 112ms
2025-01-10 18:33:51,534 INFO  [org.jboss.as.server] (External Management Request Threads -- 1) WFLYSRV0009: Undeployed "lab4.war" (runtime-name: "lab4.war")
2025-01-10 18:33:54,413 INFO  [org.jboss.as.repository] (External Management Request Threads -- 1) WFLYDR0002: Content removed from location /Users/sasailin/Desktop/Web_programming/web-lab4/wildfly-23.0.0.Final/standalone/data/content/8d/1e21f1f60c97fb50809fe5957e762f1ce22b9b/content
2025-01-10 18:34:12,467 INFO  [org.jboss.as.repository] (External Management Request Threads -- 1) WFLYDR0001: Content added at location /Users/sasailin/Desktop/Web_programming/web-lab4/wildfly-23.0.0.Final/standalone/data/content/62/8a1d63852324281affd0b169cbf4914728e8ef/content
2025-01-10 18:34:12,469 INFO  [org.jboss.as.server.deployment] (MSC service thread 1-5) WFLYSRV0027: Starting deployment of "lab4.war" (runtime-name: "lab4.war")
2025-01-10 18:34:13,294 INFO  [org.jboss.as.jpa] (MSC service thread 1-5) WFLYJPA0002: Read persistence.xml for default
2025-01-10 18:34:13,390 INFO  [org.jipijapa] (MSC service thread 1-7) JIPIORMV53020253: Second level cache enabled for lab4.war#default
2025-01-10 18:34:13,398 INFO  [org.jboss.weld.deployer] (MSC service thread 1-2) WFLYWELD0003: Processing weld deployment lab4.war
2025-01-10 18:34:13,408 INFO  [org.jboss.as.jpa] (ServerService Thread Pool -- 11) WFLYJPA0010: Starting Persistence Unit (phase 1 of 2) Service 'lab4.war#default'
2025-01-10 18:34:13,408 INFO  [org.hibernate.jpa.internal.util.LogHelper] (ServerService Thread Pool -- 11) HHH000204: Processing PersistenceUnitInfo [
	name: default
	...]
2025-01-10 18:34:13,421 INFO  [org.jboss.as.ejb3.deployment] (MSC service thread 1-2) WFLYEJB0473: JNDI bindings for session bean named 'UserRepository' in deployment unit 'deployment "lab4.war"' are as follows:

	java:global/lab4/UserRepository!lab4.database.UserRepository
	java:app/lab4/UserRepository!lab4.database.UserRepository
	java:module/UserRepository!lab4.database.UserRepository
	java:global/lab4/UserRepository
	java:app/lab4/UserRepository
	java:module/UserRepository

2025-01-10 18:34:13,421 INFO  [org.jboss.as.ejb3.deployment] (MSC service thread 1-2) WFLYEJB0473: JNDI bindings for session bean named 'AuthService' in deployment unit 'deployment "lab4.war"' are as follows:

	java:global/lab4/AuthService!lab4.services.auth.AuthService
	java:app/lab4/AuthService!lab4.services.auth.AuthService
	java:module/AuthService!lab4.services.auth.AuthService
	java:global/lab4/AuthService
	java:app/lab4/AuthService
	java:module/AuthService

2025-01-10 18:34:13,421 INFO  [org.jboss.as.ejb3.deployment] (MSC service thread 1-2) WFLYEJB0473: JNDI bindings for session bean named 'HitService' in deployment unit 'deployment "lab4.war"' are as follows:

	java:global/lab4/HitService!lab4.services.hits.HitService
	java:app/lab4/HitService!lab4.services.hits.HitService
	java:module/HitService!lab4.services.hits.HitService
	java:global/lab4/HitService
	java:app/lab4/HitService
	java:module/HitService

2025-01-10 18:34:13,422 INFO  [org.jboss.as.ejb3.deployment] (MSC service thread 1-2) WFLYEJB0473: JNDI bindings for session bean named 'HitRepository' in deployment unit 'deployment "lab4.war"' are as follows:

	java:global/lab4/HitRepository!lab4.database.HitRepository
	java:app/lab4/HitRepository!lab4.database.HitRepository
	java:module/HitRepository!lab4.database.HitRepository
	java:global/lab4/HitRepository
	java:app/lab4/HitRepository
	java:module/HitRepository

2025-01-10 18:34:13,424 INFO  [org.jboss.as.ejb3.deployment] (MSC service thread 1-2) WFLYEJB0473: JNDI bindings for session bean named 'TokenService' in deployment unit 'deployment "lab4.war"' are as follows:

	java:global/lab4/TokenService!lab4.services.auth.TokenService
	java:app/lab4/TokenService!lab4.services.auth.TokenService
	java:module/TokenService!lab4.services.auth.TokenService
	java:global/lab4/TokenService
	java:app/lab4/TokenService
	java:module/TokenService

2025-01-10 18:34:13,444 INFO  [io.jaegertracing.internal.JaegerTracer] (MSC service thread 1-2) No shutdown hook registered: Please call close() manually on application shutdown.
2025-01-10 18:34:13,465 INFO  [org.jipijapa] (MSC service thread 1-6) JIPIORMV53020253: Second level cache enabled for lab4.war#default
2025-01-10 18:34:13,472 WARN  [org.jboss.as.jaxrs] (MSC service thread 1-6) WFLYRS0018: Explicit usage of Jackson annotation in a Jakarta RESTful Web Services deployment; the system will disable Jakarta JSON Binding processing for the current deployment. Consider setting the 'resteasy.preferJacksonOverJsonB' property to 'false' to restore Jakarta JSON Binding.
2025-01-10 18:34:13,475 INFO  [org.jboss.as.connector.deployers.jdbc] (MSC service thread 1-6) WFLYJCA0005: Deploying non-JDBC-compliant driver class org.postgresql.Driver (version 42.5)
2025-01-10 18:34:13,489 INFO  [org.jboss.as.connector.deployers.jdbc] (MSC service thread 1-5) WFLYJCA0018: Started Driver service with driver-name = lab4.war_org.postgresql.Driver_42_5
2025-01-10 18:34:13,495 INFO  [org.jboss.as.jpa] (ServerService Thread Pool -- 11) WFLYJPA0010: Starting Persistence Unit (phase 2 of 2) Service 'lab4.war#default'
2025-01-10 18:34:13,496 INFO  [org.hibernate.dialect.Dialect] (ServerService Thread Pool -- 11) HHH000400: Using dialect: org.hibernate.dialect.H2Dialect
2025-01-10 18:34:13,500 INFO  [org.hibernate.envers.boot.internal.EnversServiceImpl] (ServerService Thread Pool -- 11) Envers integration enabled? : true
2025-01-10 18:34:13,769 INFO  [org.jboss.resteasy.resteasy_jaxrs.i18n] (ServerService Thread Pool -- 90) RESTEASY002225: Deploying javax.ws.rs.core.Application: class lab4.rest.RestApplication
2025-01-10 18:34:13,779 INFO  [org.wildfly.extension.undertow] (ServerService Thread Pool -- 90) WFLYUT0021: Registered web context: '/lab4' for server 'default-server'
2025-01-10 18:34:13,792 INFO  [org.jboss.as.server] (External Management Request Threads -- 1) WFLYSRV0010: Deployed "lab4.war" (runtime-name : "lab4.war")
2025-01-10 18:37:56,208 INFO  [org.jboss.as.server] (Thread-2) WFLYSRV0272: Suspending server
2025-01-10 18:37:56,213 INFO  [org.jboss.as.ejb3] (Thread-2) WFLYEJB0493: Jakarta Enterprise Beans subsystem suspension complete
2025-01-10 18:37:56,216 INFO  [org.jboss.as.server] (Thread-2) WFLYSRV0220: Server shutdown has been requested via an OS signal
2025-01-10 18:37:56,221 INFO  [org.jboss.as.connector.deployers.jdbc] (MSC service thread 1-6) WFLYJCA0019: Stopped Driver service with driver-name = lab4.war_org.postgresql.Driver_42_5
2025-01-10 18:37:56,223 INFO  [org.wildfly.extension.undertow] (ServerService Thread Pool -- 90) WFLYUT0022: Unregistered web context: '/lab4' from server 'default-server'
2025-01-10 18:37:56,228 INFO  [org.jboss.as.mail.extension] (MSC service thread 1-7) WFLYMAIL0002: Unbound mail session [java:jboss/mail/Default]
2025-01-10 18:37:56,233 INFO  [org.wildfly.extension.undertow] (MSC service thread 1-2) WFLYUT0019: Host default-host stopping
2025-01-10 18:37:56,243 INFO  [org.jboss.as.jpa] (ServerService Thread Pool -- 96) WFLYJPA0011: Stopping Persistence Unit (phase 2 of 2) Service 'lab4.war#default'
2025-01-10 18:37:56,283 INFO  [org.jboss.as.clustering.infinispan] (ServerService Thread Pool -- 99) WFLYCLINF0003: Stopped http-remoting-connector cache from ejb container
